

Started GET "/" for 127.0.0.1 at 2016-01-06 08:04:52 -0800
Processing by Rails::WelcomeController#index as HTML
  Rendered /home/temp/.rvm/gems/ruby-2.0.0-p643/gems/railties-4.2.1/lib/rails/templates/rails/welcome/index.html.erb (1.7ms)
Completed 200 OK in 63ms (Views: 35.1ms | ActiveRecord: 0.0ms)


Started GET "/" for 127.0.0.1 at 2016-01-06 08:10:53 -0800
Processing by Rails::WelcomeController#index as HTML
  Rendered /home/temp/.rvm/gems/ruby-2.0.0-p643/gems/railties-4.2.1/lib/rails/templates/rails/welcome/index.html.erb (1.0ms)
Completed 200 OK in 44ms (Views: 36.8ms | ActiveRecord: 0.0ms)


Started GET "/" for 127.0.0.1 at 2016-01-07 07:40:45 -0800

ActiveRecord::PendingMigrationError (

Migrations are pending. To resolve this issue, run:

	bin/rake db:migrate RAILS_ENV=development

):
  activerecord (4.2.1) lib/active_record/migration.rb:393:in `check_pending!'
  activerecord (4.2.1) lib/active_record/migration.rb:374:in `call'
  actionpack (4.2.1) lib/action_dispatch/middleware/callbacks.rb:29:in `block in call'
  activesupport (4.2.1) lib/active_support/callbacks.rb:88:in `call'
  activesupport (4.2.1) lib/active_support/callbacks.rb:88:in `_run_callbacks'
  activesupport (4.2.1) lib/active_support/callbacks.rb:776:in `_run_call_callbacks'
  activesupport (4.2.1) lib/active_support/callbacks.rb:81:in `run_callbacks'
  actionpack (4.2.1) lib/action_dispatch/middleware/callbacks.rb:27:in `call'
  actionpack (4.2.1) lib/action_dispatch/middleware/reloader.rb:73:in `call'
  actionpack (4.2.1) lib/action_dispatch/middleware/remote_ip.rb:78:in `call'
  actionpack (4.2.1) lib/action_dispatch/middleware/debug_exceptions.rb:17:in `call'
  web-console (2.1.2) lib/web_console/middleware.rb:37:in `call'
  actionpack (4.2.1) lib/action_dispatch/middleware/show_exceptions.rb:30:in `call'
  railties (4.2.1) lib/rails/rack/logger.rb:38:in `call_app'
  railties (4.2.1) lib/rails/rack/logger.rb:20:in `block in call'
  activesupport (4.2.1) lib/active_support/tagged_logging.rb:68:in `block in tagged'
  activesupport (4.2.1) lib/active_support/tagged_logging.rb:26:in `tagged'
  activesupport (4.2.1) lib/active_support/tagged_logging.rb:68:in `tagged'
  railties (4.2.1) lib/rails/rack/logger.rb:20:in `call'
  actionpack (4.2.1) lib/action_dispatch/middleware/request_id.rb:21:in `call'
  rack (1.6.1) lib/rack/methodoverride.rb:22:in `call'
  rack (1.6.1) lib/rack/runtime.rb:18:in `call'
  activesupport (4.2.1) lib/active_support/cache/strategy/local_cache_middleware.rb:28:in `call'
  rack (1.6.1) lib/rack/lock.rb:17:in `call'
  actionpack (4.2.1) lib/action_dispatch/middleware/static.rb:113:in `call'
  rack (1.6.1) lib/rack/sendfile.rb:113:in `call'
  railties (4.2.1) lib/rails/engine.rb:518:in `call'
  railties (4.2.1) lib/rails/application.rb:164:in `call'
  rack (1.6.1) lib/rack/lock.rb:17:in `call'
  rack (1.6.1) lib/rack/content_length.rb:15:in `call'
  rack (1.6.1) lib/rack/handler/webrick.rb:89:in `service'
  /home/temp/.rvm/rubies/ruby-2.0.0-p643/lib/ruby/2.0.0/webrick/httpserver.rb:138:in `service'
  /home/temp/.rvm/rubies/ruby-2.0.0-p643/lib/ruby/2.0.0/webrick/httpserver.rb:94:in `run'
  /home/temp/.rvm/rubies/ruby-2.0.0-p643/lib/ruby/2.0.0/webrick/server.rb:295:in `block in start_thread'


  Rendered /home/temp/.rvm/gems/ruby-2.0.0-p643/gems/actionpack-4.2.1/lib/action_dispatch/middleware/templates/rescues/_source.erb (2.0ms)
  Rendered /home/temp/.rvm/gems/ruby-2.0.0-p643/gems/actionpack-4.2.1/lib/action_dispatch/middleware/templates/rescues/_trace.html.erb (31.8ms)
  Rendered /home/temp/.rvm/gems/ruby-2.0.0-p643/gems/actionpack-4.2.1/lib/action_dispatch/middleware/templates/rescues/_request_and_response.html.erb (0.8ms)
  Rendered /home/temp/.rvm/gems/ruby-2.0.0-p643/gems/actionpack-4.2.1/lib/action_dispatch/middleware/templates/rescues/diagnostics.html.erb within rescues/layout (49.3ms)
  Rendered /home/temp/.rvm/gems/ruby-2.0.0-p643/gems/web-console-2.1.2/lib/web_console/templates/_markup.html.erb (0.4ms)
  Rendered /home/temp/.rvm/gems/ruby-2.0.0-p643/gems/web-console-2.1.2/lib/web_console/templates/style.css.erb within layouts/inlined_string (0.2ms)
  Rendered /home/temp/.rvm/gems/ruby-2.0.0-p643/gems/web-console-2.1.2/lib/web_console/templates/_inner_console_markup.html.erb within layouts/inlined_string (0.2ms)
  Rendered /home/temp/.rvm/gems/ruby-2.0.0-p643/gems/web-console-2.1.2/lib/web_console/templates/_prompt_box_markup.html.erb within layouts/inlined_string (0.2ms)
  Rendered /home/temp/.rvm/gems/ruby-2.0.0-p643/gems/web-console-2.1.2/lib/web_console/templates/console.js.erb within layouts/javascript (14.2ms)
  Rendered /home/temp/.rvm/gems/ruby-2.0.0-p643/gems/web-console-2.1.2/lib/web_console/templates/main.js.erb within layouts/javascript (0.8ms)
  Rendered /home/temp/.rvm/gems/ruby-2.0.0-p643/gems/web-console-2.1.2/lib/web_console/templates/error_page.js.erb within layouts/javascript (0.4ms)
  Rendered /home/temp/.rvm/gems/ruby-2.0.0-p643/gems/web-console-2.1.2/lib/web_console/templates/index.html.erb (44.9ms)


Started GET "/tickets" for 127.0.0.1 at 2016-01-07 07:41:27 -0800

ActiveRecord::PendingMigrationError (

Migrations are pending. To resolve this issue, run:

	bin/rake db:migrate RAILS_ENV=development

):
  activerecord (4.2.1) lib/active_record/migration.rb:393:in `check_pending!'
  activerecord (4.2.1) lib/active_record/migration.rb:374:in `call'
  actionpack (4.2.1) lib/action_dispatch/middleware/callbacks.rb:29:in `block in call'
  activesupport (4.2.1) lib/active_support/callbacks.rb:88:in `call'
  activesupport (4.2.1) lib/active_support/callbacks.rb:88:in `_run_callbacks'
  activesupport (4.2.1) lib/active_support/callbacks.rb:776:in `_run_call_callbacks'
  activesupport (4.2.1) lib/active_support/callbacks.rb:81:in `run_callbacks'
  actionpack (4.2.1) lib/action_dispatch/middleware/callbacks.rb:27:in `call'
  actionpack (4.2.1) lib/action_dispatch/middleware/reloader.rb:73:in `call'
  actionpack (4.2.1) lib/action_dispatch/middleware/remote_ip.rb:78:in `call'
  actionpack (4.2.1) lib/action_dispatch/middleware/debug_exceptions.rb:17:in `call'
  web-console (2.1.2) lib/web_console/middleware.rb:37:in `call'
  actionpack (4.2.1) lib/action_dispatch/middleware/show_exceptions.rb:30:in `call'
  railties (4.2.1) lib/rails/rack/logger.rb:38:in `call_app'
  railties (4.2.1) lib/rails/rack/logger.rb:20:in `block in call'
  activesupport (4.2.1) lib/active_support/tagged_logging.rb:68:in `block in tagged'
  activesupport (4.2.1) lib/active_support/tagged_logging.rb:26:in `tagged'
  activesupport (4.2.1) lib/active_support/tagged_logging.rb:68:in `tagged'
  railties (4.2.1) lib/rails/rack/logger.rb:20:in `call'
  actionpack (4.2.1) lib/action_dispatch/middleware/request_id.rb:21:in `call'
  rack (1.6.1) lib/rack/methodoverride.rb:22:in `call'
  rack (1.6.1) lib/rack/runtime.rb:18:in `call'
  activesupport (4.2.1) lib/active_support/cache/strategy/local_cache_middleware.rb:28:in `call'
  rack (1.6.1) lib/rack/lock.rb:17:in `call'
  actionpack (4.2.1) lib/action_dispatch/middleware/static.rb:113:in `call'
  rack (1.6.1) lib/rack/sendfile.rb:113:in `call'
  railties (4.2.1) lib/rails/engine.rb:518:in `call'
  railties (4.2.1) lib/rails/application.rb:164:in `call'
  rack (1.6.1) lib/rack/lock.rb:17:in `call'
  rack (1.6.1) lib/rack/content_length.rb:15:in `call'
  rack (1.6.1) lib/rack/handler/webrick.rb:89:in `service'
  /home/temp/.rvm/rubies/ruby-2.0.0-p643/lib/ruby/2.0.0/webrick/httpserver.rb:138:in `service'
  /home/temp/.rvm/rubies/ruby-2.0.0-p643/lib/ruby/2.0.0/webrick/httpserver.rb:94:in `run'
  /home/temp/.rvm/rubies/ruby-2.0.0-p643/lib/ruby/2.0.0/webrick/server.rb:295:in `block in start_thread'


  Rendered /home/temp/.rvm/gems/ruby-2.0.0-p643/gems/actionpack-4.2.1/lib/action_dispatch/middleware/templates/rescues/_source.erb (2.1ms)
  Rendered /home/temp/.rvm/gems/ruby-2.0.0-p643/gems/actionpack-4.2.1/lib/action_dispatch/middleware/templates/rescues/_trace.html.erb (1.1ms)
  Rendered /home/temp/.rvm/gems/ruby-2.0.0-p643/gems/actionpack-4.2.1/lib/action_dispatch/middleware/templates/rescues/_request_and_response.html.erb (0.6ms)
  Rendered /home/temp/.rvm/gems/ruby-2.0.0-p643/gems/actionpack-4.2.1/lib/action_dispatch/middleware/templates/rescues/diagnostics.html.erb within rescues/layout (14.0ms)
  Rendered /home/temp/.rvm/gems/ruby-2.0.0-p643/gems/web-console-2.1.2/lib/web_console/templates/_markup.html.erb (0.3ms)
  Rendered /home/temp/.rvm/gems/ruby-2.0.0-p643/gems/web-console-2.1.2/lib/web_console/templates/style.css.erb within layouts/inlined_string (0.6ms)
  Rendered /home/temp/.rvm/gems/ruby-2.0.0-p643/gems/web-console-2.1.2/lib/web_console/templates/_inner_console_markup.html.erb within layouts/inlined_string (0.2ms)
  Rendered /home/temp/.rvm/gems/ruby-2.0.0-p643/gems/web-console-2.1.2/lib/web_console/templates/_prompt_box_markup.html.erb within layouts/inlined_string (0.2ms)
  Rendered /home/temp/.rvm/gems/ruby-2.0.0-p643/gems/web-console-2.1.2/lib/web_console/templates/console.js.erb within layouts/javascript (12.4ms)
  Rendered /home/temp/.rvm/gems/ruby-2.0.0-p643/gems/web-console-2.1.2/lib/web_console/templates/main.js.erb within layouts/javascript (0.3ms)
  Rendered /home/temp/.rvm/gems/ruby-2.0.0-p643/gems/web-console-2.1.2/lib/web_console/templates/error_page.js.erb within layouts/javascript (0.4ms)
  Rendered /home/temp/.rvm/gems/ruby-2.0.0-p643/gems/web-console-2.1.2/lib/web_console/templates/index.html.erb (26.0ms)


Started GET "/tickets" for 127.0.0.1 at 2016-01-07 07:59:39 -0800

ActiveRecord::PendingMigrationError (

Migrations are pending. To resolve this issue, run:

	bin/rake db:migrate RAILS_ENV=development

):
  activerecord (4.2.1) lib/active_record/migration.rb:393:in `check_pending!'
  activerecord (4.2.1) lib/active_record/migration.rb:374:in `call'
  actionpack (4.2.1) lib/action_dispatch/middleware/callbacks.rb:29:in `block in call'
  activesupport (4.2.1) lib/active_support/callbacks.rb:88:in `call'
  activesupport (4.2.1) lib/active_support/callbacks.rb:88:in `_run_callbacks'
  activesupport (4.2.1) lib/active_support/callbacks.rb:776:in `_run_call_callbacks'
  activesupport (4.2.1) lib/active_support/callbacks.rb:81:in `run_callbacks'
  actionpack (4.2.1) lib/action_dispatch/middleware/callbacks.rb:27:in `call'
  actionpack (4.2.1) lib/action_dispatch/middleware/reloader.rb:73:in `call'
  actionpack (4.2.1) lib/action_dispatch/middleware/remote_ip.rb:78:in `call'
  actionpack (4.2.1) lib/action_dispatch/middleware/debug_exceptions.rb:17:in `call'
  web-console (2.1.2) lib/web_console/middleware.rb:37:in `call'
  actionpack (4.2.1) lib/action_dispatch/middleware/show_exceptions.rb:30:in `call'
  railties (4.2.1) lib/rails/rack/logger.rb:38:in `call_app'
  railties (4.2.1) lib/rails/rack/logger.rb:20:in `block in call'
  activesupport (4.2.1) lib/active_support/tagged_logging.rb:68:in `block in tagged'
  activesupport (4.2.1) lib/active_support/tagged_logging.rb:26:in `tagged'
  activesupport (4.2.1) lib/active_support/tagged_logging.rb:68:in `tagged'
  railties (4.2.1) lib/rails/rack/logger.rb:20:in `call'
  actionpack (4.2.1) lib/action_dispatch/middleware/request_id.rb:21:in `call'
  rack (1.6.1) lib/rack/methodoverride.rb:22:in `call'
  rack (1.6.1) lib/rack/runtime.rb:18:in `call'
  activesupport (4.2.1) lib/active_support/cache/strategy/local_cache_middleware.rb:28:in `call'
  rack (1.6.1) lib/rack/lock.rb:17:in `call'
  actionpack (4.2.1) lib/action_dispatch/middleware/static.rb:113:in `call'
  rack (1.6.1) lib/rack/sendfile.rb:113:in `call'
  railties (4.2.1) lib/rails/engine.rb:518:in `call'
  railties (4.2.1) lib/rails/application.rb:164:in `call'
  rack (1.6.1) lib/rack/lock.rb:17:in `call'
  rack (1.6.1) lib/rack/content_length.rb:15:in `call'
  rack (1.6.1) lib/rack/handler/webrick.rb:89:in `service'
  /home/temp/.rvm/rubies/ruby-2.0.0-p643/lib/ruby/2.0.0/webrick/httpserver.rb:138:in `service'
  /home/temp/.rvm/rubies/ruby-2.0.0-p643/lib/ruby/2.0.0/webrick/httpserver.rb:94:in `run'
  /home/temp/.rvm/rubies/ruby-2.0.0-p643/lib/ruby/2.0.0/webrick/server.rb:295:in `block in start_thread'


  Rendered /home/temp/.rvm/gems/ruby-2.0.0-p643/gems/actionpack-4.2.1/lib/action_dispatch/middleware/templates/rescues/_source.erb (2.3ms)
  Rendered /home/temp/.rvm/gems/ruby-2.0.0-p643/gems/actionpack-4.2.1/lib/action_dispatch/middleware/templates/rescues/_trace.html.erb (1.5ms)
  Rendered /home/temp/.rvm/gems/ruby-2.0.0-p643/gems/actionpack-4.2.1/lib/action_dispatch/middleware/templates/rescues/_request_and_response.html.erb (0.8ms)
  Rendered /home/temp/.rvm/gems/ruby-2.0.0-p643/gems/actionpack-4.2.1/lib/action_dispatch/middleware/templates/rescues/diagnostics.html.erb within rescues/layout (52.2ms)
  Rendered /home/temp/.rvm/gems/ruby-2.0.0-p643/gems/web-console-2.1.2/lib/web_console/templates/_markup.html.erb (0.2ms)
  Rendered /home/temp/.rvm/gems/ruby-2.0.0-p643/gems/web-console-2.1.2/lib/web_console/templates/style.css.erb within layouts/inlined_string (0.2ms)
  Rendered /home/temp/.rvm/gems/ruby-2.0.0-p643/gems/web-console-2.1.2/lib/web_console/templates/_inner_console_markup.html.erb within layouts/inlined_string (0.2ms)
  Rendered /home/temp/.rvm/gems/ruby-2.0.0-p643/gems/web-console-2.1.2/lib/web_console/templates/_prompt_box_markup.html.erb within layouts/inlined_string (0.3ms)
  Rendered /home/temp/.rvm/gems/ruby-2.0.0-p643/gems/web-console-2.1.2/lib/web_console/templates/console.js.erb within layouts/javascript (11.8ms)
  Rendered /home/temp/.rvm/gems/ruby-2.0.0-p643/gems/web-console-2.1.2/lib/web_console/templates/main.js.erb within layouts/javascript (0.4ms)
  Rendered /home/temp/.rvm/gems/ruby-2.0.0-p643/gems/web-console-2.1.2/lib/web_console/templates/error_page.js.erb within layouts/javascript (0.3ms)
  Rendered /home/temp/.rvm/gems/ruby-2.0.0-p643/gems/web-console-2.1.2/lib/web_console/templates/index.html.erb (60.3ms)


Started GET "/tickets" for 127.0.0.1 at 2016-01-07 07:59:42 -0800

ActiveRecord::PendingMigrationError (

Migrations are pending. To resolve this issue, run:

	bin/rake db:migrate RAILS_ENV=development

):
  activerecord (4.2.1) lib/active_record/migration.rb:393:in `check_pending!'
  activerecord (4.2.1) lib/active_record/migration.rb:374:in `call'
  actionpack (4.2.1) lib/action_dispatch/middleware/callbacks.rb:29:in `block in call'
  activesupport (4.2.1) lib/active_support/callbacks.rb:88:in `call'
  activesupport (4.2.1) lib/active_support/callbacks.rb:88:in `_run_callbacks'
  activesupport (4.2.1) lib/active_support/callbacks.rb:776:in `_run_call_callbacks'
  activesupport (4.2.1) lib/active_support/callbacks.rb:81:in `run_callbacks'
  actionpack (4.2.1) lib/action_dispatch/middleware/callbacks.rb:27:in `call'
  actionpack (4.2.1) lib/action_dispatch/middleware/reloader.rb:73:in `call'
  actionpack (4.2.1) lib/action_dispatch/middleware/remote_ip.rb:78:in `call'
  actionpack (4.2.1) lib/action_dispatch/middleware/debug_exceptions.rb:17:in `call'
  web-console (2.1.2) lib/web_console/middleware.rb:37:in `call'
  actionpack (4.2.1) lib/action_dispatch/middleware/show_exceptions.rb:30:in `call'
  railties (4.2.1) lib/rails/rack/logger.rb:38:in `call_app'
  railties (4.2.1) lib/rails/rack/logger.rb:20:in `block in call'
  activesupport (4.2.1) lib/active_support/tagged_logging.rb:68:in `block in tagged'
  activesupport (4.2.1) lib/active_support/tagged_logging.rb:26:in `tagged'
  activesupport (4.2.1) lib/active_support/tagged_logging.rb:68:in `tagged'
  railties (4.2.1) lib/rails/rack/logger.rb:20:in `call'
  actionpack (4.2.1) lib/action_dispatch/middleware/request_id.rb:21:in `call'
  rack (1.6.1) lib/rack/methodoverride.rb:22:in `call'
  rack (1.6.1) lib/rack/runtime.rb:18:in `call'
  activesupport (4.2.1) lib/active_support/cache/strategy/local_cache_middleware.rb:28:in `call'
  rack (1.6.1) lib/rack/lock.rb:17:in `call'
  actionpack (4.2.1) lib/action_dispatch/middleware/static.rb:113:in `call'
  rack (1.6.1) lib/rack/sendfile.rb:113:in `call'
  railties (4.2.1) lib/rails/engine.rb:518:in `call'
  railties (4.2.1) lib/rails/application.rb:164:in `call'
  rack (1.6.1) lib/rack/lock.rb:17:in `call'
  rack (1.6.1) lib/rack/content_length.rb:15:in `call'
  rack (1.6.1) lib/rack/handler/webrick.rb:89:in `service'
  /home/temp/.rvm/rubies/ruby-2.0.0-p643/lib/ruby/2.0.0/webrick/httpserver.rb:138:in `service'
  /home/temp/.rvm/rubies/ruby-2.0.0-p643/lib/ruby/2.0.0/webrick/httpserver.rb:94:in `run'
  /home/temp/.rvm/rubies/ruby-2.0.0-p643/lib/ruby/2.0.0/webrick/server.rb:295:in `block in start_thread'


  Rendered /home/temp/.rvm/gems/ruby-2.0.0-p643/gems/actionpack-4.2.1/lib/action_dispatch/middleware/templates/rescues/_source.erb (1.9ms)
  Rendered /home/temp/.rvm/gems/ruby-2.0.0-p643/gems/actionpack-4.2.1/lib/action_dispatch/middleware/templates/rescues/_trace.html.erb (1.1ms)
  Rendered /home/temp/.rvm/gems/ruby-2.0.0-p643/gems/actionpack-4.2.1/lib/action_dispatch/middleware/templates/rescues/_request_and_response.html.erb (0.7ms)
  Rendered /home/temp/.rvm/gems/ruby-2.0.0-p643/gems/actionpack-4.2.1/lib/action_dispatch/middleware/templates/rescues/diagnostics.html.erb within rescues/layout (13.4ms)
  Rendered /home/temp/.rvm/gems/ruby-2.0.0-p643/gems/web-console-2.1.2/lib/web_console/templates/_markup.html.erb (0.3ms)
  Rendered /home/temp/.rvm/gems/ruby-2.0.0-p643/gems/web-console-2.1.2/lib/web_console/templates/style.css.erb within layouts/inlined_string (0.3ms)
  Rendered /home/temp/.rvm/gems/ruby-2.0.0-p643/gems/web-console-2.1.2/lib/web_console/templates/_inner_console_markup.html.erb within layouts/inlined_string (0.2ms)
  Rendered /home/temp/.rvm/gems/ruby-2.0.0-p643/gems/web-console-2.1.2/lib/web_console/templates/_prompt_box_markup.html.erb within layouts/inlined_string (0.2ms)
  Rendered /home/temp/.rvm/gems/ruby-2.0.0-p643/gems/web-console-2.1.2/lib/web_console/templates/console.js.erb within layouts/javascript (12.5ms)
  Rendered /home/temp/.rvm/gems/ruby-2.0.0-p643/gems/web-console-2.1.2/lib/web_console/templates/main.js.erb within layouts/javascript (0.2ms)
  Rendered /home/temp/.rvm/gems/ruby-2.0.0-p643/gems/web-console-2.1.2/lib/web_console/templates/error_page.js.erb within layouts/javascript (0.3ms)
  Rendered /home/temp/.rvm/gems/ruby-2.0.0-p643/gems/web-console-2.1.2/lib/web_console/templates/index.html.erb (25.9ms)


Started GET "/tickets" for 127.0.0.1 at 2016-01-07 07:59:42 -0800

ActiveRecord::PendingMigrationError (

Migrations are pending. To resolve this issue, run:

	bin/rake db:migrate RAILS_ENV=development

):
  activerecord (4.2.1) lib/active_record/migration.rb:393:in `check_pending!'
  activerecord (4.2.1) lib/active_record/migration.rb:374:in `call'
  actionpack (4.2.1) lib/action_dispatch/middleware/callbacks.rb:29:in `block in call'
  activesupport (4.2.1) lib/active_support/callbacks.rb:88:in `call'
  activesupport (4.2.1) lib/active_support/callbacks.rb:88:in `_run_callbacks'
  activesupport (4.2.1) lib/active_support/callbacks.rb:776:in `_run_call_callbacks'
  activesupport (4.2.1) lib/active_support/callbacks.rb:81:in `run_callbacks'
  actionpack (4.2.1) lib/action_dispatch/middleware/callbacks.rb:27:in `call'
  actionpack (4.2.1) lib/action_dispatch/middleware/reloader.rb:73:in `call'
  actionpack (4.2.1) lib/action_dispatch/middleware/remote_ip.rb:78:in `call'
  actionpack (4.2.1) lib/action_dispatch/middleware/debug_exceptions.rb:17:in `call'
  web-console (2.1.2) lib/web_console/middleware.rb:37:in `call'
  actionpack (4.2.1) lib/action_dispatch/middleware/show_exceptions.rb:30:in `call'
  railties (4.2.1) lib/rails/rack/logger.rb:38:in `call_app'
  railties (4.2.1) lib/rails/rack/logger.rb:20:in `block in call'
  activesupport (4.2.1) lib/active_support/tagged_logging.rb:68:in `block in tagged'
  activesupport (4.2.1) lib/active_support/tagged_logging.rb:26:in `tagged'
  activesupport (4.2.1) lib/active_support/tagged_logging.rb:68:in `tagged'
  railties (4.2.1) lib/rails/rack/logger.rb:20:in `call'
  actionpack (4.2.1) lib/action_dispatch/middleware/request_id.rb:21:in `call'
  rack (1.6.1) lib/rack/methodoverride.rb:22:in `call'
  rack (1.6.1) lib/rack/runtime.rb:18:in `call'
  activesupport (4.2.1) lib/active_support/cache/strategy/local_cache_middleware.rb:28:in `call'
  rack (1.6.1) lib/rack/lock.rb:17:in `call'
  actionpack (4.2.1) lib/action_dispatch/middleware/static.rb:113:in `call'
  rack (1.6.1) lib/rack/sendfile.rb:113:in `call'
  railties (4.2.1) lib/rails/engine.rb:518:in `call'
  railties (4.2.1) lib/rails/application.rb:164:in `call'
  rack (1.6.1) lib/rack/lock.rb:17:in `call'
  rack (1.6.1) lib/rack/content_length.rb:15:in `call'
  rack (1.6.1) lib/rack/handler/webrick.rb:89:in `service'
  /home/temp/.rvm/rubies/ruby-2.0.0-p643/lib/ruby/2.0.0/webrick/httpserver.rb:138:in `service'
  /home/temp/.rvm/rubies/ruby-2.0.0-p643/lib/ruby/2.0.0/webrick/httpserver.rb:94:in `run'
  /home/temp/.rvm/rubies/ruby-2.0.0-p643/lib/ruby/2.0.0/webrick/server.rb:295:in `block in start_thread'


  Rendered /home/temp/.rvm/gems/ruby-2.0.0-p643/gems/actionpack-4.2.1/lib/action_dispatch/middleware/templates/rescues/_source.erb (1.8ms)
  Rendered /home/temp/.rvm/gems/ruby-2.0.0-p643/gems/actionpack-4.2.1/lib/action_dispatch/middleware/templates/rescues/_trace.html.erb (1.0ms)
  Rendered /home/temp/.rvm/gems/ruby-2.0.0-p643/gems/actionpack-4.2.1/lib/action_dispatch/middleware/templates/rescues/_request_and_response.html.erb (0.6ms)
  Rendered /home/temp/.rvm/gems/ruby-2.0.0-p643/gems/actionpack-4.2.1/lib/action_dispatch/middleware/templates/rescues/diagnostics.html.erb within rescues/layout (12.9ms)
  Rendered /home/temp/.rvm/gems/ruby-2.0.0-p643/gems/web-console-2.1.2/lib/web_console/templates/_markup.html.erb (0.3ms)
  Rendered /home/temp/.rvm/gems/ruby-2.0.0-p643/gems/web-console-2.1.2/lib/web_console/templates/style.css.erb within layouts/inlined_string (0.2ms)
  Rendered /home/temp/.rvm/gems/ruby-2.0.0-p643/gems/web-console-2.1.2/lib/web_console/templates/_inner_console_markup.html.erb within layouts/inlined_string (0.2ms)
  Rendered /home/temp/.rvm/gems/ruby-2.0.0-p643/gems/web-console-2.1.2/lib/web_console/templates/_prompt_box_markup.html.erb within layouts/inlined_string (0.2ms)
  Rendered /home/temp/.rvm/gems/ruby-2.0.0-p643/gems/web-console-2.1.2/lib/web_console/templates/console.js.erb within layouts/javascript (11.6ms)
  Rendered /home/temp/.rvm/gems/ruby-2.0.0-p643/gems/web-console-2.1.2/lib/web_console/templates/main.js.erb within layouts/javascript (0.2ms)
  Rendered /home/temp/.rvm/gems/ruby-2.0.0-p643/gems/web-console-2.1.2/lib/web_console/templates/error_page.js.erb within layouts/javascript (0.3ms)
  Rendered /home/temp/.rvm/gems/ruby-2.0.0-p643/gems/web-console-2.1.2/lib/web_console/templates/index.html.erb (25.3ms)


Started GET "/tickets" for 127.0.0.1 at 2016-01-07 07:59:44 -0800

ActiveRecord::PendingMigrationError (

Migrations are pending. To resolve this issue, run:

	bin/rake db:migrate RAILS_ENV=development

):
  activerecord (4.2.1) lib/active_record/migration.rb:393:in `check_pending!'
  activerecord (4.2.1) lib/active_record/migration.rb:374:in `call'
  actionpack (4.2.1) lib/action_dispatch/middleware/callbacks.rb:29:in `block in call'
  activesupport (4.2.1) lib/active_support/callbacks.rb:88:in `call'
  activesupport (4.2.1) lib/active_support/callbacks.rb:88:in `_run_callbacks'
  activesupport (4.2.1) lib/active_support/callbacks.rb:776:in `_run_call_callbacks'
  activesupport (4.2.1) lib/active_support/callbacks.rb:81:in `run_callbacks'
  actionpack (4.2.1) lib/action_dispatch/middleware/callbacks.rb:27:in `call'
  actionpack (4.2.1) lib/action_dispatch/middleware/reloader.rb:73:in `call'
  actionpack (4.2.1) lib/action_dispatch/middleware/remote_ip.rb:78:in `call'
  actionpack (4.2.1) lib/action_dispatch/middleware/debug_exceptions.rb:17:in `call'
  web-console (2.1.2) lib/web_console/middleware.rb:37:in `call'
  actionpack (4.2.1) lib/action_dispatch/middleware/show_exceptions.rb:30:in `call'
  railties (4.2.1) lib/rails/rack/logger.rb:38:in `call_app'
  railties (4.2.1) lib/rails/rack/logger.rb:20:in `block in call'
  activesupport (4.2.1) lib/active_support/tagged_logging.rb:68:in `block in tagged'
  activesupport (4.2.1) lib/active_support/tagged_logging.rb:26:in `tagged'
  activesupport (4.2.1) lib/active_support/tagged_logging.rb:68:in `tagged'
  railties (4.2.1) lib/rails/rack/logger.rb:20:in `call'
  actionpack (4.2.1) lib/action_dispatch/middleware/request_id.rb:21:in `call'
  rack (1.6.1) lib/rack/methodoverride.rb:22:in `call'
  rack (1.6.1) lib/rack/runtime.rb:18:in `call'
  activesupport (4.2.1) lib/active_support/cache/strategy/local_cache_middleware.rb:28:in `call'
  rack (1.6.1) lib/rack/lock.rb:17:in `call'
  actionpack (4.2.1) lib/action_dispatch/middleware/static.rb:113:in `call'
  rack (1.6.1) lib/rack/sendfile.rb:113:in `call'
  railties (4.2.1) lib/rails/engine.rb:518:in `call'
  railties (4.2.1) lib/rails/application.rb:164:in `call'
  rack (1.6.1) lib/rack/lock.rb:17:in `call'
  rack (1.6.1) lib/rack/content_length.rb:15:in `call'
  rack (1.6.1) lib/rack/handler/webrick.rb:89:in `service'
  /home/temp/.rvm/rubies/ruby-2.0.0-p643/lib/ruby/2.0.0/webrick/httpserver.rb:138:in `service'
  /home/temp/.rvm/rubies/ruby-2.0.0-p643/lib/ruby/2.0.0/webrick/httpserver.rb:94:in `run'
  /home/temp/.rvm/rubies/ruby-2.0.0-p643/lib/ruby/2.0.0/webrick/server.rb:295:in `block in start_thread'


  Rendered /home/temp/.rvm/gems/ruby-2.0.0-p643/gems/actionpack-4.2.1/lib/action_dispatch/middleware/templates/rescues/_source.erb (36.9ms)
  Rendered /home/temp/.rvm/gems/ruby-2.0.0-p643/gems/actionpack-4.2.1/lib/action_dispatch/middleware/templates/rescues/_trace.html.erb (1.2ms)
  Rendered /home/temp/.rvm/gems/ruby-2.0.0-p643/gems/actionpack-4.2.1/lib/action_dispatch/middleware/templates/rescues/_request_and_response.html.erb (0.6ms)
  Rendered /home/temp/.rvm/gems/ruby-2.0.0-p643/gems/actionpack-4.2.1/lib/action_dispatch/middleware/templates/rescues/diagnostics.html.erb within rescues/layout (49.1ms)
  Rendered /home/temp/.rvm/gems/ruby-2.0.0-p643/gems/web-console-2.1.2/lib/web_console/templates/_markup.html.erb (0.3ms)
  Rendered /home/temp/.rvm/gems/ruby-2.0.0-p643/gems/web-console-2.1.2/lib/web_console/templates/style.css.erb within layouts/inlined_string (0.2ms)
  Rendered /home/temp/.rvm/gems/ruby-2.0.0-p643/gems/web-console-2.1.2/lib/web_console/templates/_inner_console_markup.html.erb within layouts/inlined_string (0.2ms)
  Rendered /home/temp/.rvm/gems/ruby-2.0.0-p643/gems/web-console-2.1.2/lib/web_console/templates/_prompt_box_markup.html.erb within layouts/inlined_string (0.2ms)
  Rendered /home/temp/.rvm/gems/ruby-2.0.0-p643/gems/web-console-2.1.2/lib/web_console/templates/console.js.erb within layouts/javascript (11.7ms)
  Rendered /home/temp/.rvm/gems/ruby-2.0.0-p643/gems/web-console-2.1.2/lib/web_console/templates/main.js.erb within layouts/javascript (0.3ms)
  Rendered /home/temp/.rvm/gems/ruby-2.0.0-p643/gems/web-console-2.1.2/lib/web_console/templates/error_page.js.erb within layouts/javascript (0.4ms)
  Rendered /home/temp/.rvm/gems/ruby-2.0.0-p643/gems/web-console-2.1.2/lib/web_console/templates/index.html.erb (26.7ms)


Started GET "/tickets" for 127.0.0.1 at 2016-01-07 07:59:59 -0800

ActiveRecord::PendingMigrationError (

Migrations are pending. To resolve this issue, run:

	bin/rake db:migrate RAILS_ENV=development

):
  activerecord (4.2.1) lib/active_record/migration.rb:393:in `check_pending!'
  activerecord (4.2.1) lib/active_record/migration.rb:374:in `call'
  actionpack (4.2.1) lib/action_dispatch/middleware/callbacks.rb:29:in `block in call'
  activesupport (4.2.1) lib/active_support/callbacks.rb:88:in `call'
  activesupport (4.2.1) lib/active_support/callbacks.rb:88:in `_run_callbacks'
  activesupport (4.2.1) lib/active_support/callbacks.rb:776:in `_run_call_callbacks'
  activesupport (4.2.1) lib/active_support/callbacks.rb:81:in `run_callbacks'
  actionpack (4.2.1) lib/action_dispatch/middleware/callbacks.rb:27:in `call'
  actionpack (4.2.1) lib/action_dispatch/middleware/reloader.rb:73:in `call'
  actionpack (4.2.1) lib/action_dispatch/middleware/remote_ip.rb:78:in `call'
  actionpack (4.2.1) lib/action_dispatch/middleware/debug_exceptions.rb:17:in `call'
  web-console (2.1.2) lib/web_console/middleware.rb:37:in `call'
  actionpack (4.2.1) lib/action_dispatch/middleware/show_exceptions.rb:30:in `call'
  railties (4.2.1) lib/rails/rack/logger.rb:38:in `call_app'
  railties (4.2.1) lib/rails/rack/logger.rb:20:in `block in call'
  activesupport (4.2.1) lib/active_support/tagged_logging.rb:68:in `block in tagged'
  activesupport (4.2.1) lib/active_support/tagged_logging.rb:26:in `tagged'
  activesupport (4.2.1) lib/active_support/tagged_logging.rb:68:in `tagged'
  railties (4.2.1) lib/rails/rack/logger.rb:20:in `call'
  actionpack (4.2.1) lib/action_dispatch/middleware/request_id.rb:21:in `call'
  rack (1.6.1) lib/rack/methodoverride.rb:22:in `call'
  rack (1.6.1) lib/rack/runtime.rb:18:in `call'
  activesupport (4.2.1) lib/active_support/cache/strategy/local_cache_middleware.rb:28:in `call'
  rack (1.6.1) lib/rack/lock.rb:17:in `call'
  actionpack (4.2.1) lib/action_dispatch/middleware/static.rb:113:in `call'
  rack (1.6.1) lib/rack/sendfile.rb:113:in `call'
  railties (4.2.1) lib/rails/engine.rb:518:in `call'
  railties (4.2.1) lib/rails/application.rb:164:in `call'
  rack (1.6.1) lib/rack/lock.rb:17:in `call'
  rack (1.6.1) lib/rack/content_length.rb:15:in `call'
  rack (1.6.1) lib/rack/handler/webrick.rb:89:in `service'
  /home/temp/.rvm/rubies/ruby-2.0.0-p643/lib/ruby/2.0.0/webrick/httpserver.rb:138:in `service'
  /home/temp/.rvm/rubies/ruby-2.0.0-p643/lib/ruby/2.0.0/webrick/httpserver.rb:94:in `run'
  /home/temp/.rvm/rubies/ruby-2.0.0-p643/lib/ruby/2.0.0/webrick/server.rb:295:in `block in start_thread'


  Rendered /home/temp/.rvm/gems/ruby-2.0.0-p643/gems/actionpack-4.2.1/lib/action_dispatch/middleware/templates/rescues/_source.erb (2.0ms)
  Rendered /home/temp/.rvm/gems/ruby-2.0.0-p643/gems/actionpack-4.2.1/lib/action_dispatch/middleware/templates/rescues/_trace.html.erb (50.6ms)
  Rendered /home/temp/.rvm/gems/ruby-2.0.0-p643/gems/actionpack-4.2.1/lib/action_dispatch/middleware/templates/rescues/_request_and_response.html.erb (0.8ms)
  Rendered /home/temp/.rvm/gems/ruby-2.0.0-p643/gems/actionpack-4.2.1/lib/action_dispatch/middleware/templates/rescues/diagnostics.html.erb within rescues/layout (65.1ms)
  Rendered /home/temp/.rvm/gems/ruby-2.0.0-p643/gems/web-console-2.1.2/lib/web_console/templates/_markup.html.erb (0.4ms)
  Rendered /home/temp/.rvm/gems/ruby-2.0.0-p643/gems/web-console-2.1.2/lib/web_console/templates/style.css.erb within layouts/inlined_string (0.2ms)
  Rendered /home/temp/.rvm/gems/ruby-2.0.0-p643/gems/web-console-2.1.2/lib/web_console/templates/_inner_console_markup.html.erb within layouts/inlined_string (0.2ms)
  Rendered /home/temp/.rvm/gems/ruby-2.0.0-p643/gems/web-console-2.1.2/lib/web_console/templates/_prompt_box_markup.html.erb within layouts/inlined_string (0.2ms)
  Rendered /home/temp/.rvm/gems/ruby-2.0.0-p643/gems/web-console-2.1.2/lib/web_console/templates/console.js.erb within layouts/javascript (11.9ms)
  Rendered /home/temp/.rvm/gems/ruby-2.0.0-p643/gems/web-console-2.1.2/lib/web_console/templates/main.js.erb within layouts/javascript (0.3ms)
  Rendered /home/temp/.rvm/gems/ruby-2.0.0-p643/gems/web-console-2.1.2/lib/web_console/templates/error_page.js.erb within layouts/javascript (0.3ms)
  Rendered /home/temp/.rvm/gems/ruby-2.0.0-p643/gems/web-console-2.1.2/lib/web_console/templates/index.html.erb (27.4ms)
  [1m[36m (8.8ms)[0m  [1mCREATE TABLE "schema_migrations" ("version" varchar NOT NULL) [0m
  [1m[35m (0.1ms)[0m  select sqlite_version(*)
  [1m[36m (5.4ms)[0m  [1mCREATE UNIQUE INDEX "unique_schema_migrations" ON "schema_migrations" ("version")[0m
  [1m[35mActiveRecord::SchemaMigration Load (0.1ms)[0m  SELECT "schema_migrations".* FROM "schema_migrations"
Migrating to CreateTickets (20160107153438)
  [1m[36m (0.1ms)[0m  [1mbegin transaction[0m
  [1m[35m (0.3ms)[0m  CREATE TABLE "tickets" ("id" INTEGER PRIMARY KEY AUTOINCREMENT NOT NULL, "name" varchar, "seat_id_seq" varchar, "address" text, "price_paid" decimal, "email_address" varchar, "created_at" datetime NOT NULL, "updated_at" datetime NOT NULL) 
  [1m[36mSQL (0.2ms)[0m  [1mINSERT INTO "schema_migrations" ("version") VALUES (?)[0m  [["version", "20160107153438"]]
  [1m[35m (4.6ms)[0m  commit transaction
  [1m[36mActiveRecord::SchemaMigration Load (0.1ms)[0m  [1mSELECT "schema_migrations".* FROM "schema_migrations"[0m


Started GET "/tickets" for 127.0.0.1 at 2016-01-07 08:01:05 -0800
  [1m[36mActiveRecord::SchemaMigration Load (0.1ms)[0m  [1mSELECT "schema_migrations".* FROM "schema_migrations"[0m
Processing by TicketsController#index as HTML
  [1m[35mTicket Load (0.1ms)[0m  SELECT "tickets".* FROM "tickets"
  Rendered tickets/index.html.erb within layouts/application (1.9ms)
Completed 200 OK in 1050ms (Views: 1013.7ms | ActiveRecord: 0.2ms)


Started GET "/assets/scaffolds-d42117254555a1d33c1d2192761e2a47.css?body=1" for 127.0.0.1 at 2016-01-07 08:01:06 -0800


Started GET "/assets/application-1d1afd15fe3e1f7a7789fb1046510b26.css?body=1" for 127.0.0.1 at 2016-01-07 08:01:06 -0800


Started GET "/assets/tickets-711e8fdeeb2ee446092e4389ed0e7f7e.css?body=1" for 127.0.0.1 at 2016-01-07 08:01:06 -0800


Started GET "/assets/tickets-03baac6fc9965b03f2e073d0f1be4595.js?body=1" for 127.0.0.1 at 2016-01-07 08:01:06 -0800


Started GET "/assets/jquery-7d5ba98b35699b402586652ae3aa8ee8.js?body=1" for 127.0.0.1 at 2016-01-07 08:01:06 -0800


Started GET "/assets/jquery_ujs-1777719dc5b2b3412f367ea8dcd6a72b.js?body=1" for 127.0.0.1 at 2016-01-07 08:01:06 -0800


Started GET "/assets/application-82ce7467be04b80eeb6cd508646a8945.js?body=1" for 127.0.0.1 at 2016-01-07 08:01:06 -0800


Started GET "/assets/turbolinks-90badf70af37371f59d4c5874c1977e8.js?body=1" for 127.0.0.1 at 2016-01-07 08:01:06 -0800


Started GET "/tickets/new" for 127.0.0.1 at 2016-01-07 08:01:27 -0800
Processing by TicketsController#new as HTML
  Rendered tickets/_form.html.erb (97.4ms)
  Rendered tickets/new.html.erb within layouts/application (99.2ms)
Completed 200 OK in 147ms (Views: 140.9ms | ActiveRecord: 0.2ms)


Started GET "/tickets" for 127.0.0.1 at 2016-01-07 08:01:29 -0800
Processing by TicketsController#index as HTML
  [1m[36mTicket Load (0.1ms)[0m  [1mSELECT "tickets".* FROM "tickets"[0m
  Rendered tickets/index.html.erb within layouts/application (1.3ms)
Completed 200 OK in 58ms (Views: 56.9ms | ActiveRecord: 0.1ms)


Started GET "/tickets/new" for 127.0.0.1 at 2016-01-07 08:02:56 -0800
Processing by TicketsController#new as HTML
  Rendered tickets/_form.html.erb (2.3ms)
  Rendered tickets/new.html.erb within layouts/application (3.0ms)
Completed 200 OK in 78ms (Views: 76.7ms | ActiveRecord: 0.0ms)


Started POST "/tickets" for 127.0.0.1 at 2016-01-07 08:03:34 -0800
Processing by TicketsController#create as HTML
  Parameters: {"utf8"=>"✓", "authenticity_token"=>"hqxqiARhjNqypHpjFGe3JB7eIubYyYFgbLfgta27PzO9tw5kAcf4n4XUrvYGGgulF9nnJlzZu6tadL+mdoulzA==", "ticket"=>{"name"=>"zhang san ", "seat_id_seq"=>"A1", "address"=>"aaaaaaaa", "price_paid"=>"1000", "email_address"=>"1.com"}, "commit"=>"Create Ticket"}
  [1m[35m (0.2ms)[0m  begin transaction
  [1m[36mSQL (0.4ms)[0m  [1mINSERT INTO "tickets" ("name", "seat_id_seq", "address", "price_paid", "email_address", "created_at", "updated_at") VALUES (?, ?, ?, ?, ?, ?, ?)[0m  [["name", "zhang san "], ["seat_id_seq", "A1"], ["address", "aaaaaaaa"], ["price_paid", 1000.0], ["email_address", "1.com"], ["created_at", "2016-01-07 16:03:34.834034"], ["updated_at", "2016-01-07 16:03:34.834034"]]
  [1m[35m (28.3ms)[0m  commit transaction
Redirected to http://localhost:3000/tickets/1
Completed 302 Found in 69ms (ActiveRecord: 28.9ms)


Started GET "/tickets/1" for 127.0.0.1 at 2016-01-07 08:03:34 -0800
Processing by TicketsController#show as HTML
  Parameters: {"id"=>"1"}
  [1m[36mTicket Load (0.3ms)[0m  [1mSELECT  "tickets".* FROM "tickets" WHERE "tickets"."id" = ? LIMIT 1[0m  [["id", 1]]
  Rendered tickets/show.html.erb within layouts/application (1.1ms)
Completed 200 OK in 77ms (Views: 41.5ms | ActiveRecord: 0.3ms)


Started GET "/tickets/1/edit" for 127.0.0.1 at 2016-01-07 08:03:45 -0800
Processing by TicketsController#edit as HTML
  Parameters: {"id"=>"1"}
  [1m[35mTicket Load (0.1ms)[0m  SELECT  "tickets".* FROM "tickets" WHERE "tickets"."id" = ? LIMIT 1  [["id", 1]]
  Rendered tickets/_form.html.erb (2.5ms)
  Rendered tickets/edit.html.erb within layouts/application (3.8ms)
Completed 200 OK in 68ms (Views: 66.7ms | ActiveRecord: 0.1ms)


Started PATCH "/tickets/1" for 127.0.0.1 at 2016-01-07 08:03:50 -0800
Processing by TicketsController#update as HTML
  Parameters: {"utf8"=>"✓", "authenticity_token"=>"hv9+wmYKZpd/sJzBPSFYoUxQdFTqhy9r32bQmE/Atwa95BouY6wS0kjASFQvXOQgRVexlG6XFaDppY+LlPAt+Q==", "ticket"=>{"name"=>"zhang san ", "seat_id_seq"=>"A1", "address"=>"aaaaaaaa", "price_paid"=>"1000.0", "email_address"=>"1.com"}, "commit"=>"Update Ticket", "id"=>"1"}
  [1m[36mTicket Load (0.1ms)[0m  [1mSELECT  "tickets".* FROM "tickets" WHERE "tickets"."id" = ? LIMIT 1[0m  [["id", 1]]
  [1m[35m (0.1ms)[0m  begin transaction
  [1m[36m (0.1ms)[0m  [1mcommit transaction[0m
Redirected to http://localhost:3000/tickets/1
Completed 302 Found in 3ms (ActiveRecord: 0.2ms)


Started GET "/tickets/1" for 127.0.0.1 at 2016-01-07 08:03:50 -0800
Processing by TicketsController#show as HTML
  Parameters: {"id"=>"1"}
  [1m[35mTicket Load (0.1ms)[0m  SELECT  "tickets".* FROM "tickets" WHERE "tickets"."id" = ? LIMIT 1  [["id", 1]]
  Rendered tickets/show.html.erb within layouts/application (0.4ms)
Completed 200 OK in 60ms (Views: 59.0ms | ActiveRecord: 0.1ms)


Started GET "/tickets" for 127.0.0.1 at 2016-01-07 08:03:53 -0800
Processing by TicketsController#index as HTML
  [1m[36mTicket Load (0.1ms)[0m  [1mSELECT "tickets".* FROM "tickets"[0m
  Rendered tickets/index.html.erb within layouts/application (1.1ms)
Completed 200 OK in 35ms (Views: 34.0ms | ActiveRecord: 0.1ms)


Started GET "/tickets/new" for 127.0.0.1 at 2016-01-07 08:03:57 -0800
Processing by TicketsController#new as HTML
  Rendered tickets/_form.html.erb (2.2ms)
  Rendered tickets/new.html.erb within layouts/application (2.9ms)
Completed 200 OK in 61ms (Views: 60.3ms | ActiveRecord: 0.0ms)


Started POST "/tickets" for 127.0.0.1 at 2016-01-07 08:04:36 -0800
Processing by TicketsController#create as HTML
  Parameters: {"utf8"=>"✓", "authenticity_token"=>"G4h7En/JmDorNnS57egIDh1EoSQFB2Mwcyg3iqZWxukgkx/+em/sfxxGoCz/lbSPFENk5IEXWftF62iZfWZcFg==", "ticket"=>{"name"=>"li si", "seat_id_seq"=>"A2", "address"=>"bbbbbbbbbbbb", "price_paid"=>"2000.55555", "email_address"=>"@163.com"}, "commit"=>"Create Ticket"}
  [1m[35m (0.1ms)[0m  begin transaction
  [1m[36mSQL (0.2ms)[0m  [1mINSERT INTO "tickets" ("name", "seat_id_seq", "address", "price_paid", "email_address", "created_at", "updated_at") VALUES (?, ?, ?, ?, ?, ?, ?)[0m  [["name", "li si"], ["seat_id_seq", "A2"], ["address", "bbbbbbbbbbbb"], ["price_paid", 2000.55555], ["email_address", "@163.com"], ["created_at", "2016-01-07 16:04:36.182671"], ["updated_at", "2016-01-07 16:04:36.182671"]]
  [1m[35m (5.4ms)[0m  commit transaction
Redirected to http://localhost:3000/tickets/2
Completed 302 Found in 9ms (ActiveRecord: 5.7ms)


Started GET "/tickets/2" for 127.0.0.1 at 2016-01-07 08:04:36 -0800
Processing by TicketsController#show as HTML
  Parameters: {"id"=>"2"}
  [1m[36mTicket Load (0.1ms)[0m  [1mSELECT  "tickets".* FROM "tickets" WHERE "tickets"."id" = ? LIMIT 1[0m  [["id", 2]]
  Rendered tickets/show.html.erb within layouts/application (0.4ms)
Completed 200 OK in 59ms (Views: 58.1ms | ActiveRecord: 0.1ms)


Started GET "/tickets" for 127.0.0.1 at 2016-01-07 08:04:44 -0800
Processing by TicketsController#index as HTML
  [1m[35mTicket Load (0.3ms)[0m  SELECT "tickets".* FROM "tickets"
  Rendered tickets/index.html.erb within layouts/application (1.7ms)
Completed 200 OK in 62ms (Views: 61.0ms | ActiveRecord: 0.3ms)


Started GET "/tickets/new" for 127.0.0.1 at 2016-01-07 08:04:46 -0800
Processing by TicketsController#new as HTML
  Rendered tickets/_form.html.erb (2.3ms)
  Rendered tickets/new.html.erb within layouts/application (2.9ms)
Completed 200 OK in 35ms (Views: 34.8ms | ActiveRecord: 0.0ms)


Started POST "/tickets" for 127.0.0.1 at 2016-01-07 08:05:23 -0800
Processing by TicketsController#create as HTML
  Parameters: {"utf8"=>"✓", "authenticity_token"=>"GD7qjffHvk3s/bEbvlNQHJI9x3vJNRBO8XjW9z9Hx1gjJY5h8mHKCNuNZY6sLuydmzoCu00lKoXHu4nk5Hddpw==", "ticket"=>{"name"=>"wang wu", "seat_id_seq"=>"A3", "address"=>"cccccccc", "price_paid"=>"5000", "email_address"=>"8888.com"}, "commit"=>"Create Ticket"}
  [1m[36m (0.1ms)[0m  [1mbegin transaction[0m
  [1m[35mSQL (0.2ms)[0m  INSERT INTO "tickets" ("name", "seat_id_seq", "address", "price_paid", "email_address", "created_at", "updated_at") VALUES (?, ?, ?, ?, ?, ?, ?)  [["name", "wang wu"], ["seat_id_seq", "A3"], ["address", "cccccccc"], ["price_paid", 5000.0], ["email_address", "8888.com"], ["created_at", "2016-01-07 16:05:23.029609"], ["updated_at", "2016-01-07 16:05:23.029609"]]
  [1m[36m (9.5ms)[0m  [1mcommit transaction[0m
Redirected to http://localhost:3000/tickets/3
Completed 302 Found in 13ms (ActiveRecord: 9.8ms)


Started GET "/tickets/3" for 127.0.0.1 at 2016-01-07 08:05:23 -0800
Processing by TicketsController#show as HTML
  Parameters: {"id"=>"3"}
  [1m[35mTicket Load (0.1ms)[0m  SELECT  "tickets".* FROM "tickets" WHERE "tickets"."id" = ? LIMIT 1  [["id", 3]]
  Rendered tickets/show.html.erb within layouts/application (0.5ms)
Completed 200 OK in 62ms (Views: 61.3ms | ActiveRecord: 0.1ms)


Started GET "/tickets" for 127.0.0.1 at 2016-01-07 08:05:26 -0800
Processing by TicketsController#index as HTML
  [1m[36mTicket Load (0.2ms)[0m  [1mSELECT "tickets".* FROM "tickets"[0m
  Rendered tickets/index.html.erb within layouts/application (1.6ms)
Completed 200 OK in 62ms (Views: 60.9ms | ActiveRecord: 0.2ms)


Started GET "/tickets/3/edit" for 127.0.0.1 at 2016-01-07 08:05:30 -0800
Processing by TicketsController#edit as HTML
  Parameters: {"id"=>"3"}
  [1m[35mTicket Load (0.4ms)[0m  SELECT  "tickets".* FROM "tickets" WHERE "tickets"."id" = ? LIMIT 1  [["id", 3]]
  Rendered tickets/_form.html.erb (2.5ms)
  Rendered tickets/edit.html.erb within layouts/application (3.2ms)
Completed 200 OK in 40ms (Views: 37.6ms | ActiveRecord: 0.4ms)


Started GET "/tickets/2/edit" for 127.0.0.1 at 2016-01-07 08:05:34 -0800
Processing by TicketsController#edit as HTML
  Parameters: {"id"=>"2"}
  [1m[36mTicket Load (0.1ms)[0m  [1mSELECT  "tickets".* FROM "tickets" WHERE "tickets"."id" = ? LIMIT 1[0m  [["id", 2]]
  Rendered tickets/_form.html.erb (2.7ms)
  Rendered tickets/edit.html.erb within layouts/application (3.4ms)
Completed 200 OK in 66ms (Views: 64.4ms | ActiveRecord: 0.1ms)


Started GET "/tickets/1" for 127.0.0.1 at 2016-01-07 08:05:38 -0800
Processing by TicketsController#show as HTML
  Parameters: {"id"=>"1"}
  [1m[35mTicket Load (0.1ms)[0m  SELECT  "tickets".* FROM "tickets" WHERE "tickets"."id" = ? LIMIT 1  [["id", 1]]
  Rendered tickets/show.html.erb within layouts/application (0.8ms)
Completed 200 OK in 63ms (Views: 62.1ms | ActiveRecord: 0.1ms)


Started GET "/" for 127.0.0.1 at 2016-01-09 22:39:01 -0800
  [1m[36mActiveRecord::SchemaMigration Load (0.1ms)[0m  [1mSELECT "schema_migrations".* FROM "schema_migrations"[0m
Processing by Rails::WelcomeController#index as HTML
  Rendered /home/temp/.rvm/gems/ruby-2.0.0-p643/gems/railties-4.2.1/lib/rails/templates/rails/welcome/index.html.erb (32.2ms)
Completed 200 OK in 144ms (Views: 126.5ms | ActiveRecord: 0.0ms)


Started GET "/tickets" for 127.0.0.1 at 2016-01-09 22:39:08 -0800
Processing by TicketsController#index as HTML
  [1m[35mTicket Load (0.2ms)[0m  SELECT "tickets".* FROM "tickets"
  Rendered tickets/index.html.erb within layouts/application (9.0ms)
Completed 200 OK in 569ms (Views: 539.5ms | ActiveRecord: 0.5ms)


Started GET "/tickets/new" for 127.0.0.1 at 2016-01-09 22:39:49 -0800
Processing by TicketsController#new as HTML
  Rendered tickets/_form.html.erb (54.2ms)
  Rendered tickets/new.html.erb within layouts/application (66.2ms)
Completed 200 OK in 134ms (Views: 133.2ms | ActiveRecord: 0.0ms)


Started GET "/tickets" for 127.0.0.1 at 2016-01-09 22:39:54 -0800
Processing by TicketsController#index as HTML
  [1m[36mTicket Load (0.3ms)[0m  [1mSELECT "tickets".* FROM "tickets"[0m
  Rendered tickets/index.html.erb within layouts/application (2.5ms)
Completed 200 OK in 40ms (Views: 38.9ms | ActiveRecord: 0.3ms)


Started GET "/tickets/1" for 127.0.0.1 at 2016-01-09 22:40:00 -0800
Processing by TicketsController#show as HTML
  Parameters: {"id"=>"1"}
  [1m[35mTicket Load (0.2ms)[0m  SELECT  "tickets".* FROM "tickets" WHERE "tickets"."id" = ? LIMIT 1  [["id", 1]]
  Rendered tickets/show.html.erb within layouts/application (1.1ms)
Completed 200 OK in 147ms (Views: 111.2ms | ActiveRecord: 0.2ms)


Started DELETE "/tickets/1" for 127.0.0.1 at 2016-01-09 22:41:14 -0800
Processing by TicketsController#destroy as HTML
  Parameters: {"authenticity_token"=>"0+Mu5ZDE5MKbNqeaMvsnTUGCKaVFv5UFtGPL57UCwtZRmG739EpbMfn9VprV3I5rKSvtcwoHptUJSuc3MooJ4w==", "id"=>"1"}
  [1m[36mTicket Load (0.1ms)[0m  [1mSELECT  "tickets".* FROM "tickets" WHERE "tickets"."id" = ? LIMIT 1[0m  [["id", 1]]
  [1m[35m (0.1ms)[0m  begin transaction
  [1m[36mSQL (0.2ms)[0m  [1mDELETE FROM "tickets" WHERE "tickets"."id" = ?[0m  [["id", 1]]
  [1m[35m (3.6ms)[0m  commit transaction
Redirected to http://localhost:3000/tickets
Completed 302 Found in 6ms (ActiveRecord: 3.9ms)


Started GET "/tickets" for 127.0.0.1 at 2016-01-09 22:41:14 -0800
Processing by TicketsController#index as HTML
  [1m[36mTicket Load (0.1ms)[0m  [1mSELECT "tickets".* FROM "tickets"[0m
  Rendered tickets/index.html.erb within layouts/application (1.2ms)
Completed 200 OK in 62ms (Views: 60.9ms | ActiveRecord: 0.1ms)


Started GET "/tickets/2/edit" for 127.0.0.1 at 2016-01-09 22:41:15 -0800
Processing by TicketsController#edit as HTML
  Parameters: {"id"=>"2"}
  [1m[35mTicket Load (0.1ms)[0m  SELECT  "tickets".* FROM "tickets" WHERE "tickets"."id" = ? LIMIT 1  [["id", 2]]
  Rendered tickets/_form.html.erb (2.5ms)
  Rendered tickets/edit.html.erb within layouts/application (3.9ms)
Completed 200 OK in 69ms (Views: 68.0ms | ActiveRecord: 0.1ms)


Started GET "/tickets" for 127.0.0.1 at 2016-01-09 22:41:19 -0800
Processing by TicketsController#index as HTML
  [1m[36mTicket Load (0.2ms)[0m  [1mSELECT "tickets".* FROM "tickets"[0m
  Rendered tickets/index.html.erb within layouts/application (1.6ms)
Completed 200 OK in 68ms (Views: 67.1ms | ActiveRecord: 0.2ms)


Started GET "/articles/" for 127.0.0.1 at 2016-01-17 06:42:36 -0800
  [1m[36mActiveRecord::SchemaMigration Load (0.1ms)[0m  [1mSELECT "schema_migrations".* FROM "schema_migrations"[0m

ActionController::RoutingError (No route matches [GET] "/articles"):
  actionpack (4.2.1) lib/action_dispatch/middleware/debug_exceptions.rb:21:in `call'
  web-console (2.1.2) lib/web_console/middleware.rb:37:in `call'
  actionpack (4.2.1) lib/action_dispatch/middleware/show_exceptions.rb:30:in `call'
  railties (4.2.1) lib/rails/rack/logger.rb:38:in `call_app'
  railties (4.2.1) lib/rails/rack/logger.rb:20:in `block in call'
  activesupport (4.2.1) lib/active_support/tagged_logging.rb:68:in `block in tagged'
  activesupport (4.2.1) lib/active_support/tagged_logging.rb:26:in `tagged'
  activesupport (4.2.1) lib/active_support/tagged_logging.rb:68:in `tagged'
  railties (4.2.1) lib/rails/rack/logger.rb:20:in `call'
  actionpack (4.2.1) lib/action_dispatch/middleware/request_id.rb:21:in `call'
  rack (1.6.1) lib/rack/methodoverride.rb:22:in `call'
  rack (1.6.1) lib/rack/runtime.rb:18:in `call'
  activesupport (4.2.1) lib/active_support/cache/strategy/local_cache_middleware.rb:28:in `call'
  rack (1.6.1) lib/rack/lock.rb:17:in `call'
  actionpack (4.2.1) lib/action_dispatch/middleware/static.rb:113:in `call'
  rack (1.6.1) lib/rack/sendfile.rb:113:in `call'
  railties (4.2.1) lib/rails/engine.rb:518:in `call'
  railties (4.2.1) lib/rails/application.rb:164:in `call'
  rack (1.6.1) lib/rack/lock.rb:17:in `call'
  rack (1.6.1) lib/rack/content_length.rb:15:in `call'
  rack (1.6.1) lib/rack/handler/webrick.rb:89:in `service'
  /home/temp/.rvm/rubies/ruby-2.0.0-p643/lib/ruby/2.0.0/webrick/httpserver.rb:138:in `service'
  /home/temp/.rvm/rubies/ruby-2.0.0-p643/lib/ruby/2.0.0/webrick/httpserver.rb:94:in `run'
  /home/temp/.rvm/rubies/ruby-2.0.0-p643/lib/ruby/2.0.0/webrick/server.rb:295:in `block in start_thread'


  Rendered /home/temp/.rvm/gems/ruby-2.0.0-p643/gems/actionpack-4.2.1/lib/action_dispatch/middleware/templates/rescues/_trace.html.erb (1.0ms)
  Rendered /home/temp/.rvm/gems/ruby-2.0.0-p643/gems/actionpack-4.2.1/lib/action_dispatch/middleware/templates/routes/_route.html.erb (1.1ms)
  Rendered /home/temp/.rvm/gems/ruby-2.0.0-p643/gems/actionpack-4.2.1/lib/action_dispatch/middleware/templates/routes/_table.html.erb (18.9ms)
  Rendered /home/temp/.rvm/gems/ruby-2.0.0-p643/gems/actionpack-4.2.1/lib/action_dispatch/middleware/templates/rescues/_request_and_response.html.erb (11.9ms)
  Rendered /home/temp/.rvm/gems/ruby-2.0.0-p643/gems/actionpack-4.2.1/lib/action_dispatch/middleware/templates/rescues/routing_error.html.erb within rescues/layout (103.7ms)
  Rendered /home/temp/.rvm/gems/ruby-2.0.0-p643/gems/web-console-2.1.2/lib/web_console/templates/_markup.html.erb (0.4ms)
  Rendered /home/temp/.rvm/gems/ruby-2.0.0-p643/gems/web-console-2.1.2/lib/web_console/templates/style.css.erb within layouts/inlined_string (0.5ms)
  Rendered /home/temp/.rvm/gems/ruby-2.0.0-p643/gems/web-console-2.1.2/lib/web_console/templates/_inner_console_markup.html.erb within layouts/inlined_string (0.4ms)
  Rendered /home/temp/.rvm/gems/ruby-2.0.0-p643/gems/web-console-2.1.2/lib/web_console/templates/_prompt_box_markup.html.erb within layouts/inlined_string (0.3ms)
  Rendered /home/temp/.rvm/gems/ruby-2.0.0-p643/gems/web-console-2.1.2/lib/web_console/templates/console.js.erb within layouts/javascript (16.6ms)
  Rendered /home/temp/.rvm/gems/ruby-2.0.0-p643/gems/web-console-2.1.2/lib/web_console/templates/main.js.erb within layouts/javascript (0.3ms)
  Rendered /home/temp/.rvm/gems/ruby-2.0.0-p643/gems/web-console-2.1.2/lib/web_console/templates/error_page.js.erb within layouts/javascript (0.4ms)
  Rendered /home/temp/.rvm/gems/ruby-2.0.0-p643/gems/web-console-2.1.2/lib/web_console/templates/index.html.erb (40.1ms)


Started GET "/tickets/" for 127.0.0.1 at 2016-01-17 06:42:48 -0800
Processing by TicketsController#index as HTML
  [1m[35mTicket Load (0.2ms)[0m  SELECT "tickets".* FROM "tickets"
  Rendered tickets/index.html.erb within layouts/application (17.1ms)
Completed 200 OK in 246ms (Views: 238.8ms | ActiveRecord: 0.4ms)


Started GET "/tickets/" for 127.0.0.1 at 2016-01-17 06:42:54 -0800
Processing by TicketsController#index as HTML
  [1m[36mTicket Load (0.2ms)[0m  [1mSELECT "tickets".* FROM "tickets"[0m
  Rendered tickets/index.html.erb within layouts/application (1.5ms)
Completed 200 OK in 65ms (Views: 63.8ms | ActiveRecord: 0.2ms)


Started GET "/assets/scaffolds-d42117254555a1d33c1d2192761e2a47.css?body=1" for 127.0.0.1 at 2016-01-17 06:42:55 -0800


Started GET "/assets/application-1d1afd15fe3e1f7a7789fb1046510b26.css?body=1" for 127.0.0.1 at 2016-01-17 06:42:55 -0800


Started GET "/assets/tickets-711e8fdeeb2ee446092e4389ed0e7f7e.css?body=1" for 127.0.0.1 at 2016-01-17 06:42:55 -0800


Started GET "/assets/jquery-7d5ba98b35699b402586652ae3aa8ee8.js?body=1" for 127.0.0.1 at 2016-01-17 06:42:55 -0800


Started GET "/assets/turbolinks-90badf70af37371f59d4c5874c1977e8.js?body=1" for 127.0.0.1 at 2016-01-17 06:42:55 -0800


Started GET "/assets/jquery_ujs-1777719dc5b2b3412f367ea8dcd6a72b.js?body=1" for 127.0.0.1 at 2016-01-17 06:42:55 -0800


Started GET "/assets/tickets-03baac6fc9965b03f2e073d0f1be4595.js?body=1" for 127.0.0.1 at 2016-01-17 06:42:55 -0800


Started GET "/assets/application-82ce7467be04b80eeb6cd508646a8945.js?body=1" for 127.0.0.1 at 2016-01-17 06:42:55 -0800


Started GET "/tickets/" for 127.0.0.1 at 2016-01-17 06:42:56 -0800
Processing by TicketsController#index as HTML
  [1m[35mTicket Load (0.2ms)[0m  SELECT "tickets".* FROM "tickets"
  Rendered tickets/index.html.erb within layouts/application (1.8ms)
Completed 200 OK in 37ms (Views: 35.6ms | ActiveRecord: 0.2ms)


Started GET "/assets/scaffolds-d42117254555a1d33c1d2192761e2a47.css?body=1" for 127.0.0.1 at 2016-01-17 06:42:56 -0800


Started GET "/assets/tickets-711e8fdeeb2ee446092e4389ed0e7f7e.css?body=1" for 127.0.0.1 at 2016-01-17 06:42:56 -0800


Started GET "/assets/jquery-7d5ba98b35699b402586652ae3aa8ee8.js?body=1" for 127.0.0.1 at 2016-01-17 06:42:56 -0800


Started GET "/assets/tickets-03baac6fc9965b03f2e073d0f1be4595.js?body=1" for 127.0.0.1 at 2016-01-17 06:42:56 -0800


Started GET "/assets/turbolinks-90badf70af37371f59d4c5874c1977e8.js?body=1" for 127.0.0.1 at 2016-01-17 06:42:56 -0800


Started GET "/assets/application-1d1afd15fe3e1f7a7789fb1046510b26.css?body=1" for 127.0.0.1 at 2016-01-17 06:42:56 -0800


Started GET "/assets/jquery_ujs-1777719dc5b2b3412f367ea8dcd6a72b.js?body=1" for 127.0.0.1 at 2016-01-17 06:42:56 -0800


Started GET "/assets/application-82ce7467be04b80eeb6cd508646a8945.js?body=1" for 127.0.0.1 at 2016-01-17 06:42:56 -0800


Started GET "/tickets/" for 127.0.0.1 at 2016-01-17 06:44:43 -0800
Processing by TicketsController#index as HTML
  [1m[36mTicket Load (0.2ms)[0m  [1mSELECT "tickets".* FROM "tickets"[0m
  Rendered tickets/index.html.erb within layouts/application (1.6ms)
Completed 200 OK in 38ms (Views: 37.2ms | ActiveRecord: 0.2ms)


Started GET "/assets/scaffolds-d42117254555a1d33c1d2192761e2a47.css?body=1" for 127.0.0.1 at 2016-01-17 06:44:43 -0800


Started GET "/assets/jquery_ujs-1777719dc5b2b3412f367ea8dcd6a72b.js?body=1" for 127.0.0.1 at 2016-01-17 06:44:43 -0800


Started GET "/assets/jquery-7d5ba98b35699b402586652ae3aa8ee8.js?body=1" for 127.0.0.1 at 2016-01-17 06:44:43 -0800


Started GET "/assets/turbolinks-90badf70af37371f59d4c5874c1977e8.js?body=1" for 127.0.0.1 at 2016-01-17 06:44:43 -0800


Started GET "/assets/application-1d1afd15fe3e1f7a7789fb1046510b26.css?body=1" for 127.0.0.1 at 2016-01-17 06:44:43 -0800


Started GET "/assets/tickets-711e8fdeeb2ee446092e4389ed0e7f7e.css?body=1" for 127.0.0.1 at 2016-01-17 06:44:43 -0800


Started GET "/assets/application-82ce7467be04b80eeb6cd508646a8945.js?body=1" for 127.0.0.1 at 2016-01-17 06:44:43 -0800


Started GET "/assets/tickets-03baac6fc9965b03f2e073d0f1be4595.js?body=1" for 127.0.0.1 at 2016-01-17 06:44:43 -0800


Started GET "/tickets/" for 127.0.0.1 at 2016-01-17 06:44:44 -0800
Processing by TicketsController#index as HTML
  [1m[35mTicket Load (0.2ms)[0m  SELECT "tickets".* FROM "tickets"
  Rendered tickets/index.html.erb within layouts/application (1.6ms)
Completed 200 OK in 32ms (Views: 31.6ms | ActiveRecord: 0.2ms)


Started GET "/assets/scaffolds-d42117254555a1d33c1d2192761e2a47.css?body=1" for 127.0.0.1 at 2016-01-17 06:44:44 -0800


Started GET "/assets/tickets-711e8fdeeb2ee446092e4389ed0e7f7e.css?body=1" for 127.0.0.1 at 2016-01-17 06:44:44 -0800


Started GET "/assets/application-1d1afd15fe3e1f7a7789fb1046510b26.css?body=1" for 127.0.0.1 at 2016-01-17 06:44:44 -0800


Started GET "/assets/jquery-7d5ba98b35699b402586652ae3aa8ee8.js?body=1" for 127.0.0.1 at 2016-01-17 06:44:44 -0800


Started GET "/assets/tickets-03baac6fc9965b03f2e073d0f1be4595.js?body=1" for 127.0.0.1 at 2016-01-17 06:44:44 -0800


Started GET "/assets/turbolinks-90badf70af37371f59d4c5874c1977e8.js?body=1" for 127.0.0.1 at 2016-01-17 06:44:44 -0800


Started GET "/assets/jquery_ujs-1777719dc5b2b3412f367ea8dcd6a72b.js?body=1" for 127.0.0.1 at 2016-01-17 06:44:44 -0800


Started GET "/assets/application-82ce7467be04b80eeb6cd508646a8945.js?body=1" for 127.0.0.1 at 2016-01-17 06:44:44 -0800


Started GET "/tickets/" for 127.0.0.1 at 2016-01-17 06:45:22 -0800
  [1m[36mActiveRecord::SchemaMigration Load (0.1ms)[0m  [1mSELECT "schema_migrations".* FROM "schema_migrations"[0m
Processing by TicketsController#index as HTML
  [1m[35mTicket Load (0.2ms)[0m  SELECT "tickets".* FROM "tickets"
  Rendered tickets/index.html.erb within layouts/application (53.6ms)
Completed 200 OK in 116ms (Views: 106.9ms | ActiveRecord: 0.4ms)


Started GET "/assets/scaffolds-d42117254555a1d33c1d2192761e2a47.css?body=1" for 127.0.0.1 at 2016-01-17 06:45:22 -0800


Started GET "/assets/tickets-711e8fdeeb2ee446092e4389ed0e7f7e.css?body=1" for 127.0.0.1 at 2016-01-17 06:45:22 -0800


Started GET "/assets/application-1d1afd15fe3e1f7a7789fb1046510b26.css?body=1" for 127.0.0.1 at 2016-01-17 06:45:22 -0800


Started GET "/assets/tickets-03baac6fc9965b03f2e073d0f1be4595.js?body=1" for 127.0.0.1 at 2016-01-17 06:45:22 -0800


Started GET "/assets/application-82ce7467be04b80eeb6cd508646a8945.js?body=1" for 127.0.0.1 at 2016-01-17 06:45:22 -0800


Started GET "/assets/turbolinks-90badf70af37371f59d4c5874c1977e8.js?body=1" for 127.0.0.1 at 2016-01-17 06:45:22 -0800


Started GET "/assets/jquery_ujs-1777719dc5b2b3412f367ea8dcd6a72b.js?body=1" for 127.0.0.1 at 2016-01-17 06:45:22 -0800


Started GET "/assets/jquery-7d5ba98b35699b402586652ae3aa8ee8.js?body=1" for 127.0.0.1 at 2016-01-17 06:45:22 -0800


Started GET "/tickets/" for 127.0.0.1 at 2016-01-17 06:45:23 -0800
Processing by TicketsController#index as HTML
  [1m[36mTicket Load (0.2ms)[0m  [1mSELECT "tickets".* FROM "tickets"[0m
  Rendered tickets/index.html.erb within layouts/application (1.5ms)
Completed 200 OK in 66ms (Views: 65.4ms | ActiveRecord: 0.2ms)


Started GET "/assets/tickets-711e8fdeeb2ee446092e4389ed0e7f7e.css?body=1" for 127.0.0.1 at 2016-01-17 06:45:23 -0800


Started GET "/assets/application-1d1afd15fe3e1f7a7789fb1046510b26.css?body=1" for 127.0.0.1 at 2016-01-17 06:45:23 -0800


Started GET "/assets/tickets-03baac6fc9965b03f2e073d0f1be4595.js?body=1" for 127.0.0.1 at 2016-01-17 06:45:23 -0800


Started GET "/assets/scaffolds-d42117254555a1d33c1d2192761e2a47.css?body=1" for 127.0.0.1 at 2016-01-17 06:45:23 -0800


Started GET "/assets/application-82ce7467be04b80eeb6cd508646a8945.js?body=1" for 127.0.0.1 at 2016-01-17 06:45:23 -0800


Started GET "/assets/turbolinks-90badf70af37371f59d4c5874c1977e8.js?body=1" for 127.0.0.1 at 2016-01-17 06:45:23 -0800


Started GET "/assets/jquery-7d5ba98b35699b402586652ae3aa8ee8.js?body=1" for 127.0.0.1 at 2016-01-17 06:45:23 -0800


Started GET "/assets/jquery_ujs-1777719dc5b2b3412f367ea8dcd6a72b.js?body=1" for 127.0.0.1 at 2016-01-17 06:45:23 -0800


Started GET "/tickets/" for 127.0.0.1 at 2016-01-17 06:47:13 -0800
Processing by TicketsController#index as HTML
  [1m[35mTicket Load (0.2ms)[0m  SELECT "tickets".* FROM "tickets"
  Rendered tickets/index.html.erb within layouts/application (1.3ms)
Completed 200 OK in 33ms (Views: 31.8ms | ActiveRecord: 0.2ms)


Started GET "/assets/scaffolds-d42117254555a1d33c1d2192761e2a47.css?body=1" for 127.0.0.1 at 2016-01-17 06:47:13 -0800


Started GET "/assets/tickets-711e8fdeeb2ee446092e4389ed0e7f7e.css?body=1" for 127.0.0.1 at 2016-01-17 06:47:13 -0800


Started GET "/assets/tickets-03baac6fc9965b03f2e073d0f1be4595.js?body=1" for 127.0.0.1 at 2016-01-17 06:47:13 -0800


Started GET "/assets/application-1d1afd15fe3e1f7a7789fb1046510b26.css?body=1" for 127.0.0.1 at 2016-01-17 06:47:13 -0800


Started GET "/assets/jquery-7d5ba98b35699b402586652ae3aa8ee8.js?body=1" for 127.0.0.1 at 2016-01-17 06:47:13 -0800


Started GET "/assets/jquery_ujs-1777719dc5b2b3412f367ea8dcd6a72b.js?body=1" for 127.0.0.1 at 2016-01-17 06:47:13 -0800


Started GET "/assets/turbolinks-90badf70af37371f59d4c5874c1977e8.js?body=1" for 127.0.0.1 at 2016-01-17 06:47:13 -0800


Started GET "/assets/application-82ce7467be04b80eeb6cd508646a8945.js?body=1" for 127.0.0.1 at 2016-01-17 06:47:13 -0800


Started GET "/tickets/" for 127.0.0.1 at 2016-01-17 06:47:14 -0800
Processing by TicketsController#index as HTML
  [1m[36mTicket Load (0.2ms)[0m  [1mSELECT "tickets".* FROM "tickets"[0m
  Rendered tickets/index.html.erb within layouts/application (1.3ms)
Completed 200 OK in 35ms (Views: 33.9ms | ActiveRecord: 0.2ms)


Started GET "/assets/scaffolds-d42117254555a1d33c1d2192761e2a47.css?body=1" for 127.0.0.1 at 2016-01-17 06:47:14 -0800


Started GET "/assets/tickets-711e8fdeeb2ee446092e4389ed0e7f7e.css?body=1" for 127.0.0.1 at 2016-01-17 06:47:14 -0800


Started GET "/assets/turbolinks-90badf70af37371f59d4c5874c1977e8.js?body=1" for 127.0.0.1 at 2016-01-17 06:47:14 -0800


Started GET "/assets/jquery_ujs-1777719dc5b2b3412f367ea8dcd6a72b.js?body=1" for 127.0.0.1 at 2016-01-17 06:47:14 -0800


Started GET "/assets/application-1d1afd15fe3e1f7a7789fb1046510b26.css?body=1" for 127.0.0.1 at 2016-01-17 06:47:14 -0800


Started GET "/assets/jquery-7d5ba98b35699b402586652ae3aa8ee8.js?body=1" for 127.0.0.1 at 2016-01-17 06:47:14 -0800


Started GET "/assets/tickets-03baac6fc9965b03f2e073d0f1be4595.js?body=1" for 127.0.0.1 at 2016-01-17 06:47:14 -0800


Started GET "/assets/application-82ce7467be04b80eeb6cd508646a8945.js?body=1" for 127.0.0.1 at 2016-01-17 06:47:14 -0800


Started GET "/tickets/2" for 127.0.0.1 at 2016-01-17 06:47:17 -0800
Processing by TicketsController#show as HTML
  Parameters: {"id"=>"2"}
  [1m[35mTicket Load (0.2ms)[0m  SELECT  "tickets".* FROM "tickets" WHERE "tickets"."id" = ? LIMIT 1  [["id", 2]]
  Rendered tickets/show.html.erb within layouts/application (2.0ms)
Completed 200 OK in 144ms (Views: 87.1ms | ActiveRecord: 0.2ms)


Started GET "/tickets/" for 127.0.0.1 at 2016-01-17 06:58:19 -0800
Processing by TicketsController#index as HTML
  [1m[36mTicket Load (0.4ms)[0m  [1mSELECT "tickets".* FROM "tickets"[0m
  Rendered tickets/index.html.erb within layouts/application (4.1ms)
Completed 200 OK in 76ms (Views: 74.4ms | ActiveRecord: 0.4ms)


Started GET "/assets/scaffolds-d42117254555a1d33c1d2192761e2a47.css?body=1" for 127.0.0.1 at 2016-01-17 06:58:20 -0800


Started GET "/assets/tickets-711e8fdeeb2ee446092e4389ed0e7f7e.css?body=1" for 127.0.0.1 at 2016-01-17 06:58:20 -0800


Started GET "/assets/tickets-03baac6fc9965b03f2e073d0f1be4595.js?body=1" for 127.0.0.1 at 2016-01-17 06:58:20 -0800


Started GET "/assets/jquery-7d5ba98b35699b402586652ae3aa8ee8.js?body=1" for 127.0.0.1 at 2016-01-17 06:58:20 -0800


Started GET "/assets/application-82ce7467be04b80eeb6cd508646a8945.js?body=1" for 127.0.0.1 at 2016-01-17 06:58:20 -0800


Started GET "/assets/application-1d1afd15fe3e1f7a7789fb1046510b26.css?body=1" for 127.0.0.1 at 2016-01-17 06:58:20 -0800


Started GET "/assets/jquery_ujs-1777719dc5b2b3412f367ea8dcd6a72b.js?body=1" for 127.0.0.1 at 2016-01-17 06:58:20 -0800


Started GET "/assets/turbolinks-90badf70af37371f59d4c5874c1977e8.js?body=1" for 127.0.0.1 at 2016-01-17 06:58:20 -0800
  [1m[36mActiveRecord::SchemaMigration Load (0.1ms)[0m  [1mSELECT "schema_migrations".* FROM "schema_migrations"[0m
Migrating to AddPhoneToTickets (20160118151735)
  [1m[35m (0.1ms)[0m  begin transaction
  [1m[36m (0.3ms)[0m  [1mALTER TABLE "tickets" ADD "phone" varchar[0m
  [1m[35mSQL (0.2ms)[0m  INSERT INTO "schema_migrations" ("version") VALUES (?)  [["version", "20160118151735"]]
  [1m[36m (3.6ms)[0m  [1mcommit transaction[0m
  [1m[35mActiveRecord::SchemaMigration Load (0.1ms)[0m  SELECT "schema_migrations".* FROM "schema_migrations"


Started GET "/" for 127.0.0.1 at 2016-01-18 07:21:25 -0800
  [1m[36mActiveRecord::SchemaMigration Load (0.1ms)[0m  [1mSELECT "schema_migrations".* FROM "schema_migrations"[0m
Processing by Rails::WelcomeController#index as HTML
  Rendered /home/temp/.rvm/gems/ruby-2.0.0-p643/gems/railties-4.2.1/lib/rails/templates/rails/welcome/index.html.erb (1.7ms)
Completed 200 OK in 69ms (Views: 53.1ms | ActiveRecord: 0.0ms)


Started GET "/tickets" for 127.0.0.1 at 2016-01-18 07:21:31 -0800
Processing by TicketsController#index as HTML
  [1m[35mTicket Load (0.2ms)[0m  SELECT "tickets".* FROM "tickets"
  Rendered tickets/index.html.erb within layouts/application (18.9ms)
Completed 200 OK in 232ms (Views: 219.0ms | ActiveRecord: 0.5ms)


Started GET "/assets/scaffolds-d42117254555a1d33c1d2192761e2a47.css?body=1" for 127.0.0.1 at 2016-01-18 07:21:31 -0800


Started GET "/assets/tickets-711e8fdeeb2ee446092e4389ed0e7f7e.css?body=1" for 127.0.0.1 at 2016-01-18 07:21:31 -0800


Started GET "/assets/application-1d1afd15fe3e1f7a7789fb1046510b26.css?body=1" for 127.0.0.1 at 2016-01-18 07:21:31 -0800


Started GET "/assets/jquery-7d5ba98b35699b402586652ae3aa8ee8.js?body=1" for 127.0.0.1 at 2016-01-18 07:21:31 -0800


Started GET "/assets/jquery_ujs-1777719dc5b2b3412f367ea8dcd6a72b.js?body=1" for 127.0.0.1 at 2016-01-18 07:21:31 -0800


Started GET "/assets/turbolinks-90badf70af37371f59d4c5874c1977e8.js?body=1" for 127.0.0.1 at 2016-01-18 07:21:31 -0800


Started GET "/assets/tickets-03baac6fc9965b03f2e073d0f1be4595.js?body=1" for 127.0.0.1 at 2016-01-18 07:21:31 -0800


Started GET "/assets/application-82ce7467be04b80eeb6cd508646a8945.js?body=1" for 127.0.0.1 at 2016-01-18 07:21:31 -0800


Started GET "/tickets" for 127.0.0.1 at 2016-01-18 07:31:01 -0800
Processing by TicketsController#index as HTML
  [1m[36mTicket Load (33.9ms)[0m  [1mSELECT "tickets".* FROM "tickets"[0m
  Rendered tickets/index.html.erb within layouts/application (51.9ms)
Completed 200 OK in 266ms (Views: 202.7ms | ActiveRecord: 33.9ms)


Started GET "/assets/application-1d1afd15fe3e1f7a7789fb1046510b26.css?body=1" for 127.0.0.1 at 2016-01-18 07:31:02 -0800


Started GET "/assets/tickets-711e8fdeeb2ee446092e4389ed0e7f7e.css?body=1" for 127.0.0.1 at 2016-01-18 07:31:02 -0800


Started GET "/assets/jquery-7d5ba98b35699b402586652ae3aa8ee8.js?body=1" for 127.0.0.1 at 2016-01-18 07:31:02 -0800


Started GET "/assets/turbolinks-90badf70af37371f59d4c5874c1977e8.js?body=1" for 127.0.0.1 at 2016-01-18 07:31:02 -0800


Started GET "/assets/scaffolds-d42117254555a1d33c1d2192761e2a47.css?body=1" for 127.0.0.1 at 2016-01-18 07:31:02 -0800


Started GET "/assets/jquery_ujs-1777719dc5b2b3412f367ea8dcd6a72b.js?body=1" for 127.0.0.1 at 2016-01-18 07:31:02 -0800


Started GET "/assets/tickets-03baac6fc9965b03f2e073d0f1be4595.js?body=1" for 127.0.0.1 at 2016-01-18 07:31:02 -0800


Started GET "/assets/application-82ce7467be04b80eeb6cd508646a8945.js?body=1" for 127.0.0.1 at 2016-01-18 07:31:02 -0800


Started GET "/tickets/2/edit" for 127.0.0.1 at 2016-01-18 07:31:08 -0800
Processing by TicketsController#edit as HTML
  Parameters: {"id"=>"2"}
  [1m[35mTicket Load (108.7ms)[0m  SELECT  "tickets".* FROM "tickets" WHERE "tickets"."id" = ? LIMIT 1  [["id", 2]]
  Rendered tickets/_form.html.erb (102.5ms)
  Rendered tickets/edit.html.erb within layouts/application (116.1ms)
Completed 200 OK in 620ms (Views: 175.9ms | ActiveRecord: 108.7ms)


Started PATCH "/tickets/2" for 127.0.0.1 at 2016-01-18 07:31:13 -0800
Processing by TicketsController#update as HTML
  Parameters: {"utf8"=>"✓", "authenticity_token"=>"JRuolAiDPaXxu/Mkj1YtgEFTzo+CmNTndaf2zJ8ORw5zpVgc5Tmb8CyV4HBa1dKeRdEKhlgoUxvMtcSog5MlKQ==", "ticket"=>{"name"=>"li si", "seat_id_seq"=>"A2", "address"=>"bbbbbbbbbbbb", "price_paid"=>"2000.55555", "email_address"=>"@163.com", "phone"=>"111111111"}, "commit"=>"Update Ticket", "id"=>"2"}
  [1m[36mTicket Load (0.1ms)[0m  [1mSELECT  "tickets".* FROM "tickets" WHERE "tickets"."id" = ? LIMIT 1[0m  [["id", 2]]
Unpermitted parameter: phone
  [1m[35m (0.1ms)[0m  begin transaction
  [1m[36m (0.0ms)[0m  [1mcommit transaction[0m
Redirected to http://localhost:3000/tickets/2
Completed 302 Found in 4ms (ActiveRecord: 0.2ms)


Started GET "/tickets/2" for 127.0.0.1 at 2016-01-18 07:31:13 -0800
Processing by TicketsController#show as HTML
  Parameters: {"id"=>"2"}
  [1m[35mTicket Load (0.1ms)[0m  SELECT  "tickets".* FROM "tickets" WHERE "tickets"."id" = ? LIMIT 1  [["id", 2]]
  Rendered tickets/show.html.erb within layouts/application (0.9ms)
Completed 200 OK in 80ms (Views: 79.2ms | ActiveRecord: 0.1ms)


Started GET "/assets/scaffolds-d42117254555a1d33c1d2192761e2a47.css?body=1" for 127.0.0.1 at 2016-01-18 07:31:13 -0800


Started GET "/assets/tickets-711e8fdeeb2ee446092e4389ed0e7f7e.css?body=1" for 127.0.0.1 at 2016-01-18 07:31:13 -0800


Started GET "/assets/application-1d1afd15fe3e1f7a7789fb1046510b26.css?body=1" for 127.0.0.1 at 2016-01-18 07:31:13 -0800


Started GET "/assets/jquery-7d5ba98b35699b402586652ae3aa8ee8.js?body=1" for 127.0.0.1 at 2016-01-18 07:31:14 -0800


Started GET "/assets/turbolinks-90badf70af37371f59d4c5874c1977e8.js?body=1" for 127.0.0.1 at 2016-01-18 07:31:14 -0800


Started GET "/assets/application-82ce7467be04b80eeb6cd508646a8945.js?body=1" for 127.0.0.1 at 2016-01-18 07:31:14 -0800


Started GET "/assets/jquery_ujs-1777719dc5b2b3412f367ea8dcd6a72b.js?body=1" for 127.0.0.1 at 2016-01-18 07:31:14 -0800


Started GET "/assets/tickets-03baac6fc9965b03f2e073d0f1be4595.js?body=1" for 127.0.0.1 at 2016-01-18 07:31:14 -0800


Started GET "/tickets" for 127.0.0.1 at 2016-01-18 07:31:16 -0800
Processing by TicketsController#index as HTML
  [1m[36mTicket Load (0.2ms)[0m  [1mSELECT "tickets".* FROM "tickets"[0m
  Rendered tickets/index.html.erb within layouts/application (1.9ms)
Completed 200 OK in 57ms (Views: 56.1ms | ActiveRecord: 0.2ms)


Started GET "/tickets/2" for 127.0.0.1 at 2016-01-18 07:31:31 -0800
Processing by TicketsController#show as HTML
  Parameters: {"id"=>"2"}
  [1m[35mTicket Load (0.1ms)[0m  SELECT  "tickets".* FROM "tickets" WHERE "tickets"."id" = ? LIMIT 1  [["id", 2]]
  Rendered tickets/show.html.erb within layouts/application (0.9ms)
Completed 200 OK in 63ms (Views: 61.5ms | ActiveRecord: 0.1ms)


Started GET "/tickets/2/edit" for 127.0.0.1 at 2016-01-18 07:31:35 -0800
Processing by TicketsController#edit as HTML
  Parameters: {"id"=>"2"}
  [1m[36mTicket Load (0.1ms)[0m  [1mSELECT  "tickets".* FROM "tickets" WHERE "tickets"."id" = ? LIMIT 1[0m  [["id", 2]]
  Rendered tickets/_form.html.erb (2.6ms)
  Rendered tickets/edit.html.erb within layouts/application (3.3ms)
Completed 200 OK in 46ms (Views: 44.2ms | ActiveRecord: 0.1ms)


Started PATCH "/tickets/2" for 127.0.0.1 at 2016-01-18 07:31:38 -0800
Processing by TicketsController#update as HTML
  Parameters: {"utf8"=>"✓", "authenticity_token"=>"GdOj7ZHN6azupZkijLaCHobkL9Gw9rF2Gc0fDchYL8tPbVNlfHdP+TOLinZZNX0Agmbr2GpGNoqg3y1p1MVN7A==", "ticket"=>{"name"=>"li si", "seat_id_seq"=>"A2", "address"=>"bbbbbbbbbbbb", "price_paid"=>"2000.55555", "email_address"=>"@163.com", "phone"=>"111111111"}, "commit"=>"Update Ticket", "id"=>"2"}
  [1m[35mTicket Load (0.1ms)[0m  SELECT  "tickets".* FROM "tickets" WHERE "tickets"."id" = ? LIMIT 1  [["id", 2]]
Unpermitted parameter: phone
  [1m[36m (0.1ms)[0m  [1mbegin transaction[0m
  [1m[35m (0.0ms)[0m  commit transaction
Redirected to http://localhost:3000/tickets/2
Completed 302 Found in 3ms (ActiveRecord: 0.2ms)


Started GET "/tickets/2" for 127.0.0.1 at 2016-01-18 07:31:38 -0800
Processing by TicketsController#show as HTML
  Parameters: {"id"=>"2"}
  [1m[36mTicket Load (0.1ms)[0m  [1mSELECT  "tickets".* FROM "tickets" WHERE "tickets"."id" = ? LIMIT 1[0m  [["id", 2]]
  Rendered tickets/show.html.erb within layouts/application (0.5ms)
Completed 200 OK in 59ms (Views: 58.2ms | ActiveRecord: 0.1ms)


Started GET "/assets/scaffolds-d42117254555a1d33c1d2192761e2a47.css?body=1" for 127.0.0.1 at 2016-01-18 07:31:39 -0800


Started GET "/assets/application-1d1afd15fe3e1f7a7789fb1046510b26.css?body=1" for 127.0.0.1 at 2016-01-18 07:31:39 -0800


Started GET "/assets/turbolinks-90badf70af37371f59d4c5874c1977e8.js?body=1" for 127.0.0.1 at 2016-01-18 07:31:39 -0800


Started GET "/assets/jquery_ujs-1777719dc5b2b3412f367ea8dcd6a72b.js?body=1" for 127.0.0.1 at 2016-01-18 07:31:39 -0800


Started GET "/assets/jquery-7d5ba98b35699b402586652ae3aa8ee8.js?body=1" for 127.0.0.1 at 2016-01-18 07:31:39 -0800


Started GET "/assets/tickets-711e8fdeeb2ee446092e4389ed0e7f7e.css?body=1" for 127.0.0.1 at 2016-01-18 07:31:39 -0800


Started GET "/assets/application-82ce7467be04b80eeb6cd508646a8945.js?body=1" for 127.0.0.1 at 2016-01-18 07:31:39 -0800


Started GET "/assets/tickets-03baac6fc9965b03f2e073d0f1be4595.js?body=1" for 127.0.0.1 at 2016-01-18 07:31:39 -0800


Started GET "/tickets/2/edit" for 127.0.0.1 at 2016-01-18 07:31:43 -0800
Processing by TicketsController#edit as HTML
  Parameters: {"id"=>"2"}
  [1m[35mTicket Load (0.1ms)[0m  SELECT  "tickets".* FROM "tickets" WHERE "tickets"."id" = ? LIMIT 1  [["id", 2]]
  Rendered tickets/_form.html.erb (2.5ms)
  Rendered tickets/edit.html.erb within layouts/application (3.2ms)
Completed 200 OK in 64ms (Views: 62.8ms | ActiveRecord: 0.1ms)


Started GET "/tickets" for 127.0.0.1 at 2016-01-18 07:31:46 -0800
Processing by TicketsController#index as HTML
  [1m[36mTicket Load (0.2ms)[0m  [1mSELECT "tickets".* FROM "tickets"[0m
  Rendered tickets/index.html.erb within layouts/application (1.6ms)
Completed 200 OK in 64ms (Views: 62.8ms | ActiveRecord: 0.2ms)


Started GET "/tickets/3/edit" for 127.0.0.1 at 2016-01-18 07:31:51 -0800
Processing by TicketsController#edit as HTML
  Parameters: {"id"=>"3"}
  [1m[35mTicket Load (0.1ms)[0m  SELECT  "tickets".* FROM "tickets" WHERE "tickets"."id" = ? LIMIT 1  [["id", 3]]
  Rendered tickets/_form.html.erb (2.6ms)
  Rendered tickets/edit.html.erb within layouts/application (3.2ms)
Completed 200 OK in 38ms (Views: 36.7ms | ActiveRecord: 0.1ms)


Started PATCH "/tickets/3" for 127.0.0.1 at 2016-01-18 07:31:55 -0800
Processing by TicketsController#update as HTML
  Parameters: {"utf8"=>"✓", "authenticity_token"=>"7JGcuBHJ2W+Fv8u1TzKIYmI3n248L/nTaGufv8kj/GC6L2ww/HN/OliR2OGasXd8ZrVbZ+affi/Rea3b1b6eRw==", "ticket"=>{"name"=>"wang wu", "seat_id_seq"=>"A3", "address"=>"cccccccc", "price_paid"=>"5000.0", "email_address"=>"8888.com", "phone"=>"111111111"}, "commit"=>"Update Ticket", "id"=>"3"}
  [1m[36mTicket Load (0.1ms)[0m  [1mSELECT  "tickets".* FROM "tickets" WHERE "tickets"."id" = ? LIMIT 1[0m  [["id", 3]]
Unpermitted parameter: phone
  [1m[35m (0.6ms)[0m  begin transaction
  [1m[36m (0.4ms)[0m  [1mcommit transaction[0m
Redirected to http://localhost:3000/tickets/3
Completed 302 Found in 12ms (ActiveRecord: 1.1ms)


Started GET "/tickets/3" for 127.0.0.1 at 2016-01-18 07:31:55 -0800
Processing by TicketsController#show as HTML
  Parameters: {"id"=>"3"}
  [1m[35mTicket Load (0.1ms)[0m  SELECT  "tickets".* FROM "tickets" WHERE "tickets"."id" = ? LIMIT 1  [["id", 3]]
  Rendered tickets/show.html.erb within layouts/application (0.3ms)
Completed 200 OK in 59ms (Views: 58.4ms | ActiveRecord: 0.1ms)


Started GET "/assets/scaffolds-d42117254555a1d33c1d2192761e2a47.css?body=1" for 127.0.0.1 at 2016-01-18 07:31:55 -0800


Started GET "/assets/tickets-711e8fdeeb2ee446092e4389ed0e7f7e.css?body=1" for 127.0.0.1 at 2016-01-18 07:31:55 -0800


Started GET "/assets/application-1d1afd15fe3e1f7a7789fb1046510b26.css?body=1" for 127.0.0.1 at 2016-01-18 07:31:55 -0800


Started GET "/assets/application-82ce7467be04b80eeb6cd508646a8945.js?body=1" for 127.0.0.1 at 2016-01-18 07:31:55 -0800


Started GET "/assets/jquery_ujs-1777719dc5b2b3412f367ea8dcd6a72b.js?body=1" for 127.0.0.1 at 2016-01-18 07:31:55 -0800


Started GET "/assets/jquery-7d5ba98b35699b402586652ae3aa8ee8.js?body=1" for 127.0.0.1 at 2016-01-18 07:31:55 -0800


Started GET "/assets/turbolinks-90badf70af37371f59d4c5874c1977e8.js?body=1" for 127.0.0.1 at 2016-01-18 07:31:55 -0800


Started GET "/assets/tickets-03baac6fc9965b03f2e073d0f1be4595.js?body=1" for 127.0.0.1 at 2016-01-18 07:31:55 -0800


Started GET "/tickets" for 127.0.0.1 at 2016-01-18 07:31:56 -0800
Processing by TicketsController#index as HTML
  [1m[36mTicket Load (0.2ms)[0m  [1mSELECT "tickets".* FROM "tickets"[0m
  Rendered tickets/index.html.erb within layouts/application (1.5ms)
Completed 200 OK in 60ms (Views: 59.0ms | ActiveRecord: 0.2ms)


Started GET "/tickets/new" for 127.0.0.1 at 2016-01-18 07:36:00 -0800
Processing by TicketsController#new as HTML
  Rendered tickets/_form.html.erb (2.8ms)
  Rendered tickets/new.html.erb within layouts/application (3.9ms)
Completed 200 OK in 79ms (Views: 77.3ms | ActiveRecord: 0.0ms)


Started POST "/tickets" for 127.0.0.1 at 2016-01-18 07:36:19 -0800
Processing by TicketsController#create as HTML
  Parameters: {"utf8"=>"✓", "authenticity_token"=>"G5vATqbPJRwIQsd6QneXRxj7OCN7B2YS904jhIeiMoRNJTDGS3WDSdVs1C6X9GhZHHn8KqG34e5OXBHgmz9Qow==", "ticket"=>{"name"=>"huang", "seat_id_seq"=>"77", "address"=>"asdf", "price_paid"=>"999", "email_address"=>"asdfasd", "phone"=>"99999"}, "commit"=>"Create Ticket"}
Unpermitted parameter: phone
  [1m[35m (0.2ms)[0m  begin transaction
  [1m[36mSQL (0.3ms)[0m  [1mINSERT INTO "tickets" ("name", "seat_id_seq", "address", "price_paid", "email_address", "created_at", "updated_at") VALUES (?, ?, ?, ?, ?, ?, ?)[0m  [["name", "huang"], ["seat_id_seq", "77"], ["address", "asdf"], ["price_paid", 999.0], ["email_address", "asdfasd"], ["created_at", "2016-01-18 15:36:19.413122"], ["updated_at", "2016-01-18 15:36:19.413122"]]
  [1m[35m (28.2ms)[0m  commit transaction
Redirected to http://localhost:3000/tickets/4
Completed 302 Found in 32ms (ActiveRecord: 28.7ms)


Started GET "/tickets/4" for 127.0.0.1 at 2016-01-18 07:36:19 -0800
Processing by TicketsController#show as HTML
  Parameters: {"id"=>"4"}
  [1m[36mTicket Load (0.1ms)[0m  [1mSELECT  "tickets".* FROM "tickets" WHERE "tickets"."id" = ? LIMIT 1[0m  [["id", 4]]
  Rendered tickets/show.html.erb within layouts/application (0.3ms)
Completed 200 OK in 39ms (Views: 37.9ms | ActiveRecord: 0.1ms)


Started GET "/assets/tickets-711e8fdeeb2ee446092e4389ed0e7f7e.css?body=1" for 127.0.0.1 at 2016-01-18 07:36:19 -0800


Started GET "/assets/scaffolds-d42117254555a1d33c1d2192761e2a47.css?body=1" for 127.0.0.1 at 2016-01-18 07:36:19 -0800


Started GET "/assets/application-1d1afd15fe3e1f7a7789fb1046510b26.css?body=1" for 127.0.0.1 at 2016-01-18 07:36:19 -0800


Started GET "/assets/jquery-7d5ba98b35699b402586652ae3aa8ee8.js?body=1" for 127.0.0.1 at 2016-01-18 07:36:19 -0800


Started GET "/assets/turbolinks-90badf70af37371f59d4c5874c1977e8.js?body=1" for 127.0.0.1 at 2016-01-18 07:36:19 -0800


Started GET "/assets/tickets-03baac6fc9965b03f2e073d0f1be4595.js?body=1" for 127.0.0.1 at 2016-01-18 07:36:19 -0800


Started GET "/assets/application-82ce7467be04b80eeb6cd508646a8945.js?body=1" for 127.0.0.1 at 2016-01-18 07:36:19 -0800


Started GET "/assets/jquery_ujs-1777719dc5b2b3412f367ea8dcd6a72b.js?body=1" for 127.0.0.1 at 2016-01-18 07:36:19 -0800


Started GET "/tickets" for 127.0.0.1 at 2016-01-18 07:36:28 -0800
Processing by TicketsController#index as HTML
  [1m[35mTicket Load (0.2ms)[0m  SELECT "tickets".* FROM "tickets"
  Rendered tickets/index.html.erb within layouts/application (1.8ms)
Completed 200 OK in 36ms (Views: 35.4ms | ActiveRecord: 0.2ms)


Started GET "/tickets/4" for 127.0.0.1 at 2016-01-18 07:37:08 -0800
Processing by TicketsController#show as HTML
  Parameters: {"id"=>"4"}
  [1m[36mTicket Load (0.1ms)[0m  [1mSELECT  "tickets".* FROM "tickets" WHERE "tickets"."id" = ? LIMIT 1[0m  [["id", 4]]
  Rendered tickets/show.html.erb within layouts/application (0.4ms)
Completed 200 OK in 60ms (Views: 59.0ms | ActiveRecord: 0.1ms)


Started GET "/tickets" for 127.0.0.1 at 2016-01-18 07:37:13 -0800
Processing by TicketsController#index as HTML
  [1m[35mTicket Load (0.2ms)[0m  SELECT "tickets".* FROM "tickets"
  Rendered tickets/index.html.erb within layouts/application (1.7ms)
Completed 200 OK in 64ms (Views: 63.3ms | ActiveRecord: 0.2ms)


Started GET "/tickets/4" for 127.0.0.1 at 2016-01-18 07:37:16 -0800
Processing by TicketsController#show as HTML
  Parameters: {"id"=>"4"}
  [1m[36mTicket Load (0.1ms)[0m  [1mSELECT  "tickets".* FROM "tickets" WHERE "tickets"."id" = ? LIMIT 1[0m  [["id", 4]]
  Rendered tickets/show.html.erb within layouts/application (0.3ms)
Completed 200 OK in 35ms (Views: 34.1ms | ActiveRecord: 0.1ms)


Started GET "/tickets" for 127.0.0.1 at 2016-01-18 07:37:18 -0800
Processing by TicketsController#index as HTML
  [1m[35mTicket Load (0.2ms)[0m  SELECT "tickets".* FROM "tickets"
  Rendered tickets/index.html.erb within layouts/application (1.6ms)
Completed 200 OK in 59ms (Views: 58.3ms | ActiveRecord: 0.2ms)
  [1m[36mActiveRecord::SchemaMigration Load (0.1ms)[0m  [1mSELECT "schema_migrations".* FROM "schema_migrations"[0m
  [1m[35mActiveRecord::SchemaMigration Load (0.1ms)[0m  SELECT "schema_migrations".* FROM "schema_migrations"
  [1m[36mActiveRecord::SchemaMigration Load (0.1ms)[0m  [1mSELECT "schema_migrations".* FROM "schema_migrations"[0m
  [1m[35mActiveRecord::SchemaMigration Load (0.1ms)[0m  SELECT "schema_migrations".* FROM "schema_migrations"


Started GET "/tickets/4/edit" for 127.0.0.1 at 2016-01-18 07:38:11 -0800
Processing by TicketsController#edit as HTML
  Parameters: {"id"=>"4"}
  [1m[36mTicket Load (0.1ms)[0m  [1mSELECT  "tickets".* FROM "tickets" WHERE "tickets"."id" = ? LIMIT 1[0m  [["id", 4]]
  Rendered tickets/_form.html.erb (3.2ms)
  Rendered tickets/edit.html.erb within layouts/application (4.0ms)
Completed 200 OK in 72ms (Views: 63.4ms | ActiveRecord: 0.5ms)


Started PATCH "/tickets/4" for 127.0.0.1 at 2016-01-18 07:38:14 -0800
Processing by TicketsController#update as HTML
  Parameters: {"utf8"=>"✓", "authenticity_token"=>"X/TMdqKBOAHPoz4u1Mm3mH4LOgBS9HNpZZ3s2ZD/zcUJSjz+TzueVBKNLXoBSkiGeon+CYhE9JXcj969jGKv4g==", "ticket"=>{"name"=>"huang", "seat_id_seq"=>"77", "address"=>"asdf", "price_paid"=>"999.0", "email_address"=>"asdfasd", "phone"=>"sssss"}, "commit"=>"Update Ticket", "id"=>"4"}
  [1m[35mTicket Load (0.1ms)[0m  SELECT  "tickets".* FROM "tickets" WHERE "tickets"."id" = ? LIMIT 1  [["id", 4]]
Unpermitted parameter: phone
  [1m[36m (0.1ms)[0m  [1mbegin transaction[0m
  [1m[35m (0.1ms)[0m  commit transaction
Redirected to http://localhost:3000/tickets/4
Completed 302 Found in 4ms (ActiveRecord: 0.2ms)


Started GET "/tickets/4" for 127.0.0.1 at 2016-01-18 07:38:14 -0800
Processing by TicketsController#show as HTML
  Parameters: {"id"=>"4"}
  [1m[36mTicket Load (0.1ms)[0m  [1mSELECT  "tickets".* FROM "tickets" WHERE "tickets"."id" = ? LIMIT 1[0m  [["id", 4]]
  Rendered tickets/show.html.erb within layouts/application (0.4ms)
Completed 200 OK in 62ms (Views: 61.5ms | ActiveRecord: 0.1ms)


Started GET "/assets/scaffolds-d42117254555a1d33c1d2192761e2a47.css?body=1" for 127.0.0.1 at 2016-01-18 07:38:14 -0800


Started GET "/assets/jquery_ujs-1777719dc5b2b3412f367ea8dcd6a72b.js?body=1" for 127.0.0.1 at 2016-01-18 07:38:14 -0800


Started GET "/assets/tickets-711e8fdeeb2ee446092e4389ed0e7f7e.css?body=1" for 127.0.0.1 at 2016-01-18 07:38:14 -0800


Started GET "/assets/application-1d1afd15fe3e1f7a7789fb1046510b26.css?body=1" for 127.0.0.1 at 2016-01-18 07:38:14 -0800


Started GET "/assets/turbolinks-90badf70af37371f59d4c5874c1977e8.js?body=1" for 127.0.0.1 at 2016-01-18 07:38:14 -0800


Started GET "/assets/tickets-03baac6fc9965b03f2e073d0f1be4595.js?body=1" for 127.0.0.1 at 2016-01-18 07:38:14 -0800


Started GET "/assets/jquery-7d5ba98b35699b402586652ae3aa8ee8.js?body=1" for 127.0.0.1 at 2016-01-18 07:38:14 -0800


Started GET "/assets/application-82ce7467be04b80eeb6cd508646a8945.js?body=1" for 127.0.0.1 at 2016-01-18 07:38:14 -0800


Started GET "/tickets" for 127.0.0.1 at 2016-01-18 07:38:18 -0800
Processing by TicketsController#index as HTML
  [1m[35mTicket Load (0.2ms)[0m  SELECT "tickets".* FROM "tickets"
  Rendered tickets/index.html.erb within layouts/application (2.0ms)
Completed 200 OK in 62ms (Views: 61.4ms | ActiveRecord: 0.2ms)


Started GET "/tickets" for 127.0.0.1 at 2016-01-19 07:19:58 -0800
  [1m[36mActiveRecord::SchemaMigration Load (0.3ms)[0m  [1mSELECT "schema_migrations".* FROM "schema_migrations"[0m
Processing by TicketsController#index as HTML
  [1m[35mTicket Load (0.3ms)[0m  SELECT "tickets".* FROM "tickets"
  Rendered tickets/index.html.erb within layouts/application (77.7ms)
Completed 200 OK in 313ms (Views: 290.2ms | ActiveRecord: 0.6ms)


Started GET "/assets/scaffolds-d42117254555a1d33c1d2192761e2a47.css?body=1" for 127.0.0.1 at 2016-01-19 07:19:59 -0800


Started GET "/assets/tickets-711e8fdeeb2ee446092e4389ed0e7f7e.css?body=1" for 127.0.0.1 at 2016-01-19 07:19:59 -0800


Started GET "/assets/application-1d1afd15fe3e1f7a7789fb1046510b26.css?body=1" for 127.0.0.1 at 2016-01-19 07:19:59 -0800


Started GET "/assets/jquery-7d5ba98b35699b402586652ae3aa8ee8.js?body=1" for 127.0.0.1 at 2016-01-19 07:19:59 -0800


Started GET "/assets/turbolinks-90badf70af37371f59d4c5874c1977e8.js?body=1" for 127.0.0.1 at 2016-01-19 07:19:59 -0800


Started GET "/assets/jquery_ujs-1777719dc5b2b3412f367ea8dcd6a72b.js?body=1" for 127.0.0.1 at 2016-01-19 07:19:59 -0800


Started GET "/assets/tickets-03baac6fc9965b03f2e073d0f1be4595.js?body=1" for 127.0.0.1 at 2016-01-19 07:19:59 -0800


Started GET "/assets/application-82ce7467be04b80eeb6cd508646a8945.js?body=1" for 127.0.0.1 at 2016-01-19 07:19:59 -0800


Started GET "/tickets/2" for 127.0.0.1 at 2016-01-19 07:20:04 -0800
Processing by TicketsController#show as HTML
  Parameters: {"id"=>"2"}
  [1m[36mTicket Load (0.2ms)[0m  [1mSELECT  "tickets".* FROM "tickets" WHERE "tickets"."id" = ? LIMIT 1[0m  [["id", 2]]
  Rendered tickets/show.html.erb within layouts/application (1.0ms)
Completed 200 OK in 126ms (Views: 90.7ms | ActiveRecord: 0.2ms)
